This file contains any messages produced by compilers while
running configure, to aid debugging if configure makes a mistake.

It was created by RNAalihishapes configure 1.0, which was
generated by GNU Autoconf 2.68.  Invocation command line was

  $ ./configure 

## --------- ##
## Platform. ##
## --------- ##

hostname = swimming-pool
uname -m = x86_64
uname -r = 3.0.0-12-generic
uname -s = Linux
uname -v = #20-Ubuntu SMP Fri Oct 7 14:56:25 UTC 2011

/usr/bin/uname -p = unknown
/bin/uname -X     = unknown

/bin/arch              = unknown
/usr/bin/arch -k       = unknown
/usr/convex/getsysinfo = unknown
/usr/bin/hostinfo      = unknown
/bin/machine           = unknown
/usr/bin/oslevel       = unknown
/bin/universe          = unknown

PATH: /usr/lib/lightdm/lightdm
PATH: /usr/local/sbin
PATH: /usr/local/bin
PATH: /usr/sbin
PATH: /usr/bin
PATH: /sbin
PATH: /bin
PATH: /usr/games
PATH: /vol/biotools/bin
PATH: /home/jhuang/.rvm/bin


## ----------- ##
## Core tests. ##
## ----------- ##

configure:2532: checking for a BSD-compatible install
configure:2600: result: /usr/bin/install -c
configure:2611: checking whether build environment is sane
configure:2661: result: yes
configure:2802: checking for a thread-safe mkdir -p
configure:2841: result: /bin/mkdir -p
configure:2854: checking for gawk
configure:2870: found /usr/bin/gawk
configure:2881: result: gawk
configure:2892: checking whether make sets $(MAKE)
configure:2914: result: yes
configure:2995: checking build system type
configure:3009: result: x86_64-unknown-linux-gnu
configure:3029: checking host system type
configure:3042: result: x86_64-unknown-linux-gnu
configure:3074: checking for style of include used by make
configure:3102: result: GNU
configure:3172: checking for gcc
configure:3188: found /usr/bin/gcc
configure:3199: result: gcc
configure:3428: checking for C compiler version
configure:3437: gcc --version >&5
gcc (Ubuntu/Linaro 4.6.1-9ubuntu3) 4.6.1
Copyright (C) 2011 Free Software Foundation, Inc.
This is free software; see the source for copying conditions.  There is NO
warranty; not even for MERCHANTABILITY or FITNESS FOR A PARTICULAR PURPOSE.

configure:3448: $? = 0
configure:3437: gcc -v >&5
Using built-in specs.
COLLECT_GCC=gcc
COLLECT_LTO_WRAPPER=/usr/lib/gcc/x86_64-linux-gnu/4.6.1/lto-wrapper
Target: x86_64-linux-gnu
Configured with: ../src/configure -v --with-pkgversion='Ubuntu/Linaro 4.6.1-9ubuntu3' --with-bugurl=file:///usr/share/doc/gcc-4.6/README.Bugs --enable-languages=c,c++,fortran,objc,obj-c++,go --prefix=/usr --program-suffix=-4.6 --enable-shared --enable-linker-build-id --with-system-zlib --libexecdir=/usr/lib --without-included-gettext --enable-threads=posix --with-gxx-include-dir=/usr/include/c++/4.6 --libdir=/usr/lib --enable-nls --with-sysroot=/ --enable-clocale=gnu --enable-libstdcxx-debug --enable-libstdcxx-time=yes --enable-plugin --enable-objc-gc --disable-werror --with-arch-32=i686 --with-tune=generic --enable-checking=release --build=x86_64-linux-gnu --host=x86_64-linux-gnu --target=x86_64-linux-gnu
Thread model: posix
gcc version 4.6.1 (Ubuntu/Linaro 4.6.1-9ubuntu3) 
configure:3448: $? = 0
configure:3437: gcc -V >&5
gcc: error: unrecognized option '-V'
gcc: fatal error: no input files
compilation terminated.
configure:3448: $? = 4
configure:3437: gcc -qversion >&5
gcc: error: unrecognized option '-qversion'
gcc: fatal error: no input files
compilation terminated.
configure:3448: $? = 4
configure:3468: checking whether the C compiler works
configure:3490: gcc    conftest.c  >&5
configure:3494: $? = 0
configure:3542: result: yes
configure:3545: checking for C compiler default output file name
configure:3547: result: a.out
configure:3553: checking for suffix of executables
configure:3560: gcc -o conftest    conftest.c  >&5
configure:3564: $? = 0
configure:3586: result: 
configure:3608: checking whether we are cross compiling
configure:3616: gcc -o conftest    conftest.c  >&5
configure:3620: $? = 0
configure:3627: ./conftest
configure:3631: $? = 0
configure:3646: result: no
configure:3651: checking for suffix of object files
configure:3673: gcc -c   conftest.c >&5
configure:3677: $? = 0
configure:3698: result: o
configure:3702: checking whether we are using the GNU C compiler
configure:3721: gcc -c   conftest.c >&5
configure:3721: $? = 0
configure:3730: result: yes
configure:3739: checking whether gcc accepts -g
configure:3759: gcc -c -g  conftest.c >&5
configure:3759: $? = 0
configure:3800: result: yes
configure:3817: checking for gcc option to accept ISO C89
configure:3881: gcc  -c -g -O2  conftest.c >&5
configure:3881: $? = 0
configure:3894: result: none needed
configure:3916: checking dependency style of gcc
configure:4026: result: gcc3
configure:4047: checking how to run the C preprocessor
configure:4078: gcc -E  conftest.c
configure:4078: $? = 0
configure:4092: gcc -E  conftest.c
conftest.c:10:28: fatal error: ac_nonexistent.h: No such file or directory
compilation terminated.
configure:4092: $? = 1
configure: failed program was:
| /* confdefs.h */
| #define PACKAGE_NAME "RNAalihishapes"
| #define PACKAGE_TARNAME "RNAalihishapes"
| #define PACKAGE_VERSION "1.0"
| #define PACKAGE_STRING "RNAalihishapes 1.0"
| #define PACKAGE_BUGREPORT "Jiabin Huang and Bjoern Voss <jiabin.huang, bjoern.voss@biologie.uni-freiburg.de>"
| #define PACKAGE_URL ""
| #define RELEASE_DATE "May 16, 2013"
| /* end confdefs.h.  */
| #include <ac_nonexistent.h>
configure:4117: result: gcc -E
configure:4137: gcc -E  conftest.c
configure:4137: $? = 0
configure:4151: gcc -E  conftest.c
conftest.c:10:28: fatal error: ac_nonexistent.h: No such file or directory
compilation terminated.
configure:4151: $? = 1
configure: failed program was:
| /* confdefs.h */
| #define PACKAGE_NAME "RNAalihishapes"
| #define PACKAGE_TARNAME "RNAalihishapes"
| #define PACKAGE_VERSION "1.0"
| #define PACKAGE_STRING "RNAalihishapes 1.0"
| #define PACKAGE_BUGREPORT "Jiabin Huang and Bjoern Voss <jiabin.huang, bjoern.voss@biologie.uni-freiburg.de>"
| #define PACKAGE_URL ""
| #define RELEASE_DATE "May 16, 2013"
| /* end confdefs.h.  */
| #include <ac_nonexistent.h>
configure:4180: checking for grep that handles long lines and -e
configure:4238: result: /bin/grep
configure:4243: checking for egrep
configure:4305: result: /bin/grep -E
configure:4310: checking for ANSI C header files
configure:4330: gcc -c -g -O2  conftest.c >&5
configure:4330: $? = 0
configure:4403: gcc -o conftest -g -O2   conftest.c  >&5
configure:4403: $? = 0
configure:4403: ./conftest
configure:4403: $? = 0
configure:4414: result: yes
configure:4427: checking for sys/types.h
configure:4427: gcc -c -g -O2  conftest.c >&5
configure:4427: $? = 0
configure:4427: result: yes
configure:4427: checking for sys/stat.h
configure:4427: gcc -c -g -O2  conftest.c >&5
configure:4427: $? = 0
configure:4427: result: yes
configure:4427: checking for stdlib.h
configure:4427: gcc -c -g -O2  conftest.c >&5
configure:4427: $? = 0
configure:4427: result: yes
configure:4427: checking for string.h
configure:4427: gcc -c -g -O2  conftest.c >&5
configure:4427: $? = 0
configure:4427: result: yes
configure:4427: checking for memory.h
configure:4427: gcc -c -g -O2  conftest.c >&5
configure:4427: $? = 0
configure:4427: result: yes
configure:4427: checking for strings.h
configure:4427: gcc -c -g -O2  conftest.c >&5
configure:4427: $? = 0
configure:4427: result: yes
configure:4427: checking for inttypes.h
configure:4427: gcc -c -g -O2  conftest.c >&5
configure:4427: $? = 0
configure:4427: result: yes
configure:4427: checking for stdint.h
configure:4427: gcc -c -g -O2  conftest.c >&5
configure:4427: $? = 0
configure:4427: result: yes
configure:4427: checking for unistd.h
configure:4427: gcc -c -g -O2  conftest.c >&5
configure:4427: $? = 0
configure:4427: result: yes
configure:4440: checking minix/config.h usability
configure:4440: gcc -c -g -O2  conftest.c >&5
conftest.c:53:26: fatal error: minix/config.h: No such file or directory
compilation terminated.
configure:4440: $? = 1
configure: failed program was:
| /* confdefs.h */
| #define PACKAGE_NAME "RNAalihishapes"
| #define PACKAGE_TARNAME "RNAalihishapes"
| #define PACKAGE_VERSION "1.0"
| #define PACKAGE_STRING "RNAalihishapes 1.0"
| #define PACKAGE_BUGREPORT "Jiabin Huang and Bjoern Voss <jiabin.huang, bjoern.voss@biologie.uni-freiburg.de>"
| #define PACKAGE_URL ""
| #define RELEASE_DATE "May 16, 2013"
| #define STDC_HEADERS 1
| #define HAVE_SYS_TYPES_H 1
| #define HAVE_SYS_STAT_H 1
| #define HAVE_STDLIB_H 1
| #define HAVE_STRING_H 1
| #define HAVE_MEMORY_H 1
| #define HAVE_STRINGS_H 1
| #define HAVE_INTTYPES_H 1
| #define HAVE_STDINT_H 1
| #define HAVE_UNISTD_H 1
| /* end confdefs.h.  */
| #include <stdio.h>
| #ifdef HAVE_SYS_TYPES_H
| # include <sys/types.h>
| #endif
| #ifdef HAVE_SYS_STAT_H
| # include <sys/stat.h>
| #endif
| #ifdef STDC_HEADERS
| # include <stdlib.h>
| # include <stddef.h>
| #else
| # ifdef HAVE_STDLIB_H
| #  include <stdlib.h>
| # endif
| #endif
| #ifdef HAVE_STRING_H
| # if !defined STDC_HEADERS && defined HAVE_MEMORY_H
| #  include <memory.h>
| # endif
| # include <string.h>
| #endif
| #ifdef HAVE_STRINGS_H
| # include <strings.h>
| #endif
| #ifdef HAVE_INTTYPES_H
| # include <inttypes.h>
| #endif
| #ifdef HAVE_STDINT_H
| # include <stdint.h>
| #endif
| #ifdef HAVE_UNISTD_H
| # include <unistd.h>
| #endif
| #include <minix/config.h>
configure:4440: result: no
configure:4440: checking minix/config.h presence
configure:4440: gcc -E  conftest.c
conftest.c:20:26: fatal error: minix/config.h: No such file or directory
compilation terminated.
configure:4440: $? = 1
configure: failed program was:
| /* confdefs.h */
| #define PACKAGE_NAME "RNAalihishapes"
| #define PACKAGE_TARNAME "RNAalihishapes"
| #define PACKAGE_VERSION "1.0"
| #define PACKAGE_STRING "RNAalihishapes 1.0"
| #define PACKAGE_BUGREPORT "Jiabin Huang and Bjoern Voss <jiabin.huang, bjoern.voss@biologie.uni-freiburg.de>"
| #define PACKAGE_URL ""
| #define RELEASE_DATE "May 16, 2013"
| #define STDC_HEADERS 1
| #define HAVE_SYS_TYPES_H 1
| #define HAVE_SYS_STAT_H 1
| #define HAVE_STDLIB_H 1
| #define HAVE_STRING_H 1
| #define HAVE_MEMORY_H 1
| #define HAVE_STRINGS_H 1
| #define HAVE_INTTYPES_H 1
| #define HAVE_STDINT_H 1
| #define HAVE_UNISTD_H 1
| /* end confdefs.h.  */
| #include <minix/config.h>
configure:4440: result: no
configure:4440: checking for minix/config.h
configure:4440: result: no
configure:4461: checking whether it is safe to define __EXTENSIONS__
configure:4479: gcc -c -g -O2  conftest.c >&5
configure:4479: $? = 0
configure:4486: result: yes
configure:4523: checking for gcc option to accept ISO C99
configure:4672: gcc  -c -g -O2  conftest.c >&5
conftest.c:75:29: error: expected ';', ',' or ')' before 'text'
conftest.c: In function 'main':
conftest.c:129:18: error: expected '=', ',', ';', 'asm' or '__attribute__' before 'newvar'
conftest.c:129:18: error: 'newvar' undeclared (first use in this function)
conftest.c:129:18: note: each undeclared identifier is reported only once for each function it appears in
conftest.c:139:3: error: 'for' loop initial declarations are only allowed in C99 mode
conftest.c:139:3: note: use option -std=c99 or -std=gnu99 to compile your code
configure:4672: $? = 1
configure: failed program was:
| /* confdefs.h */
| #define PACKAGE_NAME "RNAalihishapes"
| #define PACKAGE_TARNAME "RNAalihishapes"
| #define PACKAGE_VERSION "1.0"
| #define PACKAGE_STRING "RNAalihishapes 1.0"
| #define PACKAGE_BUGREPORT "Jiabin Huang and Bjoern Voss <jiabin.huang, bjoern.voss@biologie.uni-freiburg.de>"
| #define PACKAGE_URL ""
| #define RELEASE_DATE "May 16, 2013"
| #define STDC_HEADERS 1
| #define HAVE_SYS_TYPES_H 1
| #define HAVE_SYS_STAT_H 1
| #define HAVE_STDLIB_H 1
| #define HAVE_STRING_H 1
| #define HAVE_MEMORY_H 1
| #define HAVE_STRINGS_H 1
| #define HAVE_INTTYPES_H 1
| #define HAVE_STDINT_H 1
| #define HAVE_UNISTD_H 1
| #define __EXTENSIONS__ 1
| #define _ALL_SOURCE 1
| #define _GNU_SOURCE 1
| #define _POSIX_PTHREAD_SEMANTICS 1
| #define _TANDEM_SOURCE 1
| /* end confdefs.h.  */
| #include <stdarg.h>
| #include <stdbool.h>
| #include <stdlib.h>
| #include <wchar.h>
| #include <stdio.h>
| 
| // Check varargs macros.  These examples are taken from C99 6.10.3.5.
| #define debug(...) fprintf (stderr, __VA_ARGS__)
| #define showlist(...) puts (#__VA_ARGS__)
| #define report(test,...) ((test) ? puts (#test) : printf (__VA_ARGS__))
| static void
| test_varargs_macros (void)
| {
|   int x = 1234;
|   int y = 5678;
|   debug ("Flag");
|   debug ("X = %d\n", x);
|   showlist (The first, second, and third items.);
|   report (x>y, "x is %d but y is %d", x, y);
| }
| 
| // Check long long types.
| #define BIG64 18446744073709551615ull
| #define BIG32 4294967295ul
| #define BIG_OK (BIG64 / BIG32 == 4294967297ull && BIG64 % BIG32 == 0)
| #if !BIG_OK
|   your preprocessor is broken;
| #endif
| #if BIG_OK
| #else
|   your preprocessor is broken;
| #endif
| static long long int bignum = -9223372036854775807LL;
| static unsigned long long int ubignum = BIG64;
| 
| struct incomplete_array
| {
|   int datasize;
|   double data[];
| };
| 
| struct named_init {
|   int number;
|   const wchar_t *name;
|   double average;
| };
| 
| typedef const char *ccp;
| 
| static inline int
| test_restrict (ccp restrict text)
| {
|   // See if C++-style comments work.
|   // Iterate through items via the restricted pointer.
|   // Also check for declarations in for loops.
|   for (unsigned int i = 0; *(text+i) != '\0'; ++i)
|     continue;
|   return 0;
| }
| 
| // Check varargs and va_copy.
| static void
| test_varargs (const char *format, ...)
| {
|   va_list args;
|   va_start (args, format);
|   va_list args_copy;
|   va_copy (args_copy, args);
| 
|   const char *str;
|   int number;
|   float fnumber;
| 
|   while (*format)
|     {
|       switch (*format++)
| 	{
| 	case 's': // string
| 	  str = va_arg (args_copy, const char *);
| 	  break;
| 	case 'd': // int
| 	  number = va_arg (args_copy, int);
| 	  break;
| 	case 'f': // float
| 	  fnumber = va_arg (args_copy, double);
| 	  break;
| 	default:
| 	  break;
| 	}
|     }
|   va_end (args_copy);
|   va_end (args);
| }
| 
| int
| main ()
| {
| 
|   // Check bool.
|   _Bool success = false;
| 
|   // Check restrict.
|   if (test_restrict ("String literal") == 0)
|     success = true;
|   char *restrict newvar = "Another string";
| 
|   // Check varargs.
|   test_varargs ("s, d' f .", "string", 65, 34.234);
|   test_varargs_macros ();
| 
|   // Check flexible array members.
|   struct incomplete_array *ia =
|     malloc (sizeof (struct incomplete_array) + (sizeof (double) * 10));
|   ia->datasize = 10;
|   for (int i = 0; i < ia->datasize; ++i)
|     ia->data[i] = i * 1.234;
| 
|   // Check named initializers.
|   struct named_init ni = {
|     .number = 34,
|     .name = L"Test wide string",
|     .average = 543.34343,
|   };
| 
|   ni.number = 58;
| 
|   int dynamic_array[ni.number];
|   dynamic_array[ni.number - 1] = 543;
| 
|   // work around unused variable warnings
|   return (!success || bignum == 0LL || ubignum == 0uLL || newvar[0] == 'x'
| 	  || dynamic_array[ni.number - 1] != 543);
| 
|   ;
|   return 0;
| }
configure:4672: gcc -std=gnu99 -c -g -O2  conftest.c >&5
configure:4672: $? = 0
configure:4692: result: -std=gnu99
configure:4770: checking for c++
configure:4786: found /usr/bin/c++
configure:4797: result: c++
configure:4824: checking for C++ compiler version
configure:4833: c++ --version >&5
c++ (Ubuntu/Linaro 4.6.1-9ubuntu3) 4.6.1
Copyright (C) 2011 Free Software Foundation, Inc.
This is free software; see the source for copying conditions.  There is NO
warranty; not even for MERCHANTABILITY or FITNESS FOR A PARTICULAR PURPOSE.

configure:4844: $? = 0
configure:4833: c++ -v >&5
Using built-in specs.
COLLECT_GCC=c++
COLLECT_LTO_WRAPPER=/usr/lib/gcc/x86_64-linux-gnu/4.6.1/lto-wrapper
Target: x86_64-linux-gnu
Configured with: ../src/configure -v --with-pkgversion='Ubuntu/Linaro 4.6.1-9ubuntu3' --with-bugurl=file:///usr/share/doc/gcc-4.6/README.Bugs --enable-languages=c,c++,fortran,objc,obj-c++,go --prefix=/usr --program-suffix=-4.6 --enable-shared --enable-linker-build-id --with-system-zlib --libexecdir=/usr/lib --without-included-gettext --enable-threads=posix --with-gxx-include-dir=/usr/include/c++/4.6 --libdir=/usr/lib --enable-nls --with-sysroot=/ --enable-clocale=gnu --enable-libstdcxx-debug --enable-libstdcxx-time=yes --enable-plugin --enable-objc-gc --disable-werror --with-arch-32=i686 --with-tune=generic --enable-checking=release --build=x86_64-linux-gnu --host=x86_64-linux-gnu --target=x86_64-linux-gnu
Thread model: posix
gcc version 4.6.1 (Ubuntu/Linaro 4.6.1-9ubuntu3) 
configure:4844: $? = 0
configure:4833: c++ -V >&5
c++: error: unrecognized option '-V'
c++: fatal error: no input files
compilation terminated.
configure:4844: $? = 4
configure:4833: c++ -qversion >&5
c++: error: unrecognized option '-qversion'
c++: fatal error: no input files
compilation terminated.
configure:4844: $? = 4
configure:4848: checking whether we are using the GNU C++ compiler
configure:4867: c++ -c   conftest.cpp >&5
configure:4867: $? = 0
configure:4876: result: yes
configure:4885: checking whether c++ accepts -g
configure:4905: c++ -c -g  conftest.cpp >&5
configure:4905: $? = 0
configure:4946: result: yes
configure:4971: checking dependency style of c++
configure:5081: result: gcc3
configure:5097: checking whether gcc -std=gnu99 and cc understand -c and -o together
configure:5128: gcc -std=gnu99 -c conftest.c -o conftest2.o >&5
configure:5132: $? = 0
configure:5138: gcc -std=gnu99 -c conftest.c -o conftest2.o >&5
configure:5142: $? = 0
configure:5153: cc -c conftest.c >&5
configure:5157: $? = 0
configure:5165: cc -c conftest.c -o conftest2.o >&5
configure:5169: $? = 0
configure:5175: cc -c conftest.c -o conftest2.o >&5
configure:5179: $? = 0
configure:5197: result: yes
configure:5268: checking how to print strings
configure:5295: result: printf
configure:5316: checking for a sed that does not truncate output
configure:5380: result: /bin/sed
configure:5398: checking for fgrep
configure:5460: result: /bin/grep -F
configure:5495: checking for ld used by gcc -std=gnu99
configure:5562: result: /usr/bin/ld
configure:5569: checking if the linker (/usr/bin/ld) is GNU ld
configure:5584: result: yes
configure:5596: checking for BSD- or MS-compatible name lister (nm)
configure:5645: result: /usr/bin/nm -B
configure:5775: checking the name lister (/usr/bin/nm -B) interface
configure:5782: gcc -std=gnu99 -c -g -O2  conftest.c >&5
configure:5785: /usr/bin/nm -B "conftest.o"
configure:5788: output
0000000000000000 B some_variable
configure:5795: result: BSD nm
configure:5798: checking whether ln -s works
configure:5802: result: yes
configure:5810: checking the maximum length of command line arguments
configure:5935: result: 1572864
configure:5952: checking whether the shell understands some XSI constructs
configure:5962: result: yes
configure:5966: checking whether the shell understands "+="
configure:5972: result: yes
configure:6007: checking how to convert x86_64-unknown-linux-gnu file names to x86_64-unknown-linux-gnu format
configure:6047: result: func_convert_file_noop
configure:6054: checking how to convert x86_64-unknown-linux-gnu file names to toolchain format
configure:6074: result: func_convert_file_noop
configure:6081: checking for /usr/bin/ld option to reload object files
configure:6088: result: -r
configure:6162: checking for objdump
configure:6178: found /usr/bin/objdump
configure:6189: result: objdump
configure:6221: checking how to recognize dependent libraries
configure:6423: result: pass_all
configure:6508: checking for dlltool
configure:6538: result: no
configure:6568: checking how to associate runtime and link libraries
configure:6595: result: printf %s\n
configure:6655: checking for ar
configure:6671: found /usr/bin/ar
configure:6682: result: ar
configure:6719: checking for archiver @FILE support
configure:6736: gcc -std=gnu99 -c -g -O2  conftest.c >&5
configure:6736: $? = 0
configure:6739: ar cru libconftest.a @conftest.lst >&5
configure:6742: $? = 0
configure:6747: ar cru libconftest.a @conftest.lst >&5
ar: conftest.o: No such file or directory
configure:6750: $? = 1
configure:6762: result: @
configure:6820: checking for strip
configure:6836: found /usr/bin/strip
configure:6847: result: strip
configure:6919: checking for ranlib
configure:6935: found /usr/bin/ranlib
configure:6946: result: ranlib
configure:7048: checking command to parse /usr/bin/nm -B output from gcc -std=gnu99 object
configure:7167: gcc -std=gnu99 -c -g -O2  conftest.c >&5
configure:7170: $? = 0
configure:7174: /usr/bin/nm -B conftest.o \| sed -n -e 's/^.*[ ]\([ABCDGIRSTW][ABCDGIRSTW]*\)[ ][ ]*\([_A-Za-z][_A-Za-z0-9]*\)$/\1 \2 \2/p' | sed '/ __gnu_lto/d' \> conftest.nm
configure:7177: $? = 0
configure:7243: gcc -std=gnu99 -o conftest -g -O2   conftest.c conftstm.o >&5
configure:7246: $? = 0
configure:7284: result: ok
configure:7321: checking for sysroot
configure:7351: result: no
configure:7428: gcc -std=gnu99 -c -g -O2  conftest.c >&5
configure:7431: $? = 0
configure:7594: checking for mt
configure:7610: found /bin/mt
configure:7621: result: mt
configure:7644: checking if mt is a manifest tool
configure:7650: mt '-?'
configure:7658: result: no
configure:8287: checking for dlfcn.h
configure:8287: gcc -std=gnu99 -c -g -O2  conftest.c >&5
configure:8287: $? = 0
configure:8287: result: yes
configure:8484: checking for objdir
configure:8499: result: .libs
configure:8770: checking if gcc -std=gnu99 supports -fno-rtti -fno-exceptions
configure:8788: gcc -std=gnu99 -c -g -O2  -fno-rtti -fno-exceptions conftest.c >&5
cc1: warning: command line option '-fno-rtti' is valid for C++/ObjC++ but not for C [enabled by default]
configure:8792: $? = 0
configure:8805: result: no
configure:9115: checking for gcc -std=gnu99 option to produce PIC
configure:9122: result: -fPIC -DPIC
configure:9130: checking if gcc -std=gnu99 PIC flag -fPIC -DPIC works
configure:9148: gcc -std=gnu99 -c -g -O2  -fPIC -DPIC -DPIC conftest.c >&5
configure:9152: $? = 0
configure:9165: result: yes
configure:9194: checking if gcc -std=gnu99 static flag -static works
configure:9222: result: yes
configure:9237: checking if gcc -std=gnu99 supports -c -o file.o
configure:9258: gcc -std=gnu99 -c -g -O2  -o out/conftest2.o conftest.c >&5
configure:9262: $? = 0
configure:9284: result: yes
configure:9292: checking if gcc -std=gnu99 supports -c -o file.o
configure:9339: result: yes
configure:9372: checking whether the gcc -std=gnu99 linker (/usr/bin/ld -m elf_x86_64) supports shared libraries
configure:10534: result: yes
configure:10571: checking whether -lc should be explicitly linked in
configure:10579: gcc -std=gnu99 -c -g -O2  conftest.c >&5
configure:10582: $? = 0
configure:10597: gcc -std=gnu99 -shared  -fPIC -DPIC conftest.o  -v -Wl,-soname -Wl,conftest -o conftest 2\>\&1 \| /bin/grep  -lc  \>/dev/null 2\>\&1
configure:10600: $? = 0
configure:10614: result: no
configure:10779: checking dynamic linker characteristics
configure:11294: gcc -std=gnu99 -o conftest -g -O2   -Wl,-rpath -Wl,/foo conftest.c  >&5
configure:11294: $? = 0
configure:11528: result: GNU/Linux ld.so
configure:11635: checking how to hardcode library paths into programs
configure:11660: result: immediate
configure:12200: checking whether stripping libraries is possible
configure:12205: result: yes
configure:12240: checking if libtool supports shared libraries
configure:12242: result: yes
configure:12245: checking whether to build shared libraries
configure:12266: result: yes
configure:12269: checking whether to build static libraries
configure:12273: result: no
configure:12296: checking how to run the C++ preprocessor
configure:12323: c++ -E  conftest.cpp
configure:12323: $? = 0
configure:12337: c++ -E  conftest.cpp
conftest.cpp:28:28: fatal error: ac_nonexistent.h: No such file or directory
compilation terminated.
configure:12337: $? = 1
configure: failed program was:
| /* confdefs.h */
| #define PACKAGE_NAME "RNAalihishapes"
| #define PACKAGE_TARNAME "RNAalihishapes"
| #define PACKAGE_VERSION "1.0"
| #define PACKAGE_STRING "RNAalihishapes 1.0"
| #define PACKAGE_BUGREPORT "Jiabin Huang and Bjoern Voss <jiabin.huang, bjoern.voss@biologie.uni-freiburg.de>"
| #define PACKAGE_URL ""
| #define RELEASE_DATE "May 16, 2013"
| #define STDC_HEADERS 1
| #define HAVE_SYS_TYPES_H 1
| #define HAVE_SYS_STAT_H 1
| #define HAVE_STDLIB_H 1
| #define HAVE_STRING_H 1
| #define HAVE_MEMORY_H 1
| #define HAVE_STRINGS_H 1
| #define HAVE_INTTYPES_H 1
| #define HAVE_STDINT_H 1
| #define HAVE_UNISTD_H 1
| #define __EXTENSIONS__ 1
| #define _ALL_SOURCE 1
| #define _GNU_SOURCE 1
| #define _POSIX_PTHREAD_SEMANTICS 1
| #define _TANDEM_SOURCE 1
| #define UNUSED __attribute__ ((unused))
| #define HAVE_DLFCN_H 1
| #define LT_OBJDIR ".libs/"
| /* end confdefs.h.  */
| #include <ac_nonexistent.h>
configure:12362: result: c++ -E
configure:12382: c++ -E  conftest.cpp
configure:12382: $? = 0
configure:12396: c++ -E  conftest.cpp
conftest.cpp:28:28: fatal error: ac_nonexistent.h: No such file or directory
compilation terminated.
configure:12396: $? = 1
configure: failed program was:
| /* confdefs.h */
| #define PACKAGE_NAME "RNAalihishapes"
| #define PACKAGE_TARNAME "RNAalihishapes"
| #define PACKAGE_VERSION "1.0"
| #define PACKAGE_STRING "RNAalihishapes 1.0"
| #define PACKAGE_BUGREPORT "Jiabin Huang and Bjoern Voss <jiabin.huang, bjoern.voss@biologie.uni-freiburg.de>"
| #define PACKAGE_URL ""
| #define RELEASE_DATE "May 16, 2013"
| #define STDC_HEADERS 1
| #define HAVE_SYS_TYPES_H 1
| #define HAVE_SYS_STAT_H 1
| #define HAVE_STDLIB_H 1
| #define HAVE_STRING_H 1
| #define HAVE_MEMORY_H 1
| #define HAVE_STRINGS_H 1
| #define HAVE_INTTYPES_H 1
| #define HAVE_STDINT_H 1
| #define HAVE_UNISTD_H 1
| #define __EXTENSIONS__ 1
| #define _ALL_SOURCE 1
| #define _GNU_SOURCE 1
| #define _POSIX_PTHREAD_SEMANTICS 1
| #define _TANDEM_SOURCE 1
| #define UNUSED __attribute__ ((unused))
| #define HAVE_DLFCN_H 1
| #define LT_OBJDIR ".libs/"
| /* end confdefs.h.  */
| #include <ac_nonexistent.h>
configure:12566: checking for ld used by c++
configure:12633: result: /usr/bin/ld -m elf_x86_64
configure:12640: checking if the linker (/usr/bin/ld -m elf_x86_64) is GNU ld
configure:12655: result: yes
configure:12710: checking whether the c++ linker (/usr/bin/ld -m elf_x86_64) supports shared libraries
configure:13714: result: yes
configure:13749: c++ -c -g -O2  conftest.cpp >&5
configure:13752: $? = 0
configure:14272: checking for c++ option to produce PIC
configure:14279: result: -fPIC -DPIC
configure:14287: checking if c++ PIC flag -fPIC -DPIC works
configure:14305: c++ -c -g -O2  -fPIC -DPIC -DPIC conftest.cpp >&5
configure:14309: $? = 0
configure:14322: result: yes
configure:14345: checking if c++ static flag -static works
configure:14373: result: yes
configure:14385: checking if c++ supports -c -o file.o
configure:14406: c++ -c -g -O2  -o out/conftest2.o conftest.cpp >&5
configure:14410: $? = 0
configure:14432: result: yes
configure:14437: checking if c++ supports -c -o file.o
configure:14484: result: yes
configure:14514: checking whether the c++ linker (/usr/bin/ld -m elf_x86_64) supports shared libraries
configure:14551: result: yes
configure:14694: checking dynamic linker characteristics
configure:15377: result: GNU/Linux ld.so
configure:15430: checking how to hardcode library paths into programs
configure:15455: result: immediate
configure:15549: checking vector usability
configure:15549: gcc -std=gnu99 -c -g -O2  conftest.c >&5
conftest.c:61:18: fatal error: vector: No such file or directory
compilation terminated.
configure:15549: $? = 1
configure: failed program was:
| /* confdefs.h */
| #define PACKAGE_NAME "RNAalihishapes"
| #define PACKAGE_TARNAME "RNAalihishapes"
| #define PACKAGE_VERSION "1.0"
| #define PACKAGE_STRING "RNAalihishapes 1.0"
| #define PACKAGE_BUGREPORT "Jiabin Huang and Bjoern Voss <jiabin.huang, bjoern.voss@biologie.uni-freiburg.de>"
| #define PACKAGE_URL ""
| #define RELEASE_DATE "May 16, 2013"
| #define STDC_HEADERS 1
| #define HAVE_SYS_TYPES_H 1
| #define HAVE_SYS_STAT_H 1
| #define HAVE_STDLIB_H 1
| #define HAVE_STRING_H 1
| #define HAVE_MEMORY_H 1
| #define HAVE_STRINGS_H 1
| #define HAVE_INTTYPES_H 1
| #define HAVE_STDINT_H 1
| #define HAVE_UNISTD_H 1
| #define __EXTENSIONS__ 1
| #define _ALL_SOURCE 1
| #define _GNU_SOURCE 1
| #define _POSIX_PTHREAD_SEMANTICS 1
| #define _TANDEM_SOURCE 1
| #define UNUSED __attribute__ ((unused))
| #define HAVE_DLFCN_H 1
| #define LT_OBJDIR ".libs/"
| /* end confdefs.h.  */
| #include <stdio.h>
| #ifdef HAVE_SYS_TYPES_H
| # include <sys/types.h>
| #endif
| #ifdef HAVE_SYS_STAT_H
| # include <sys/stat.h>
| #endif
| #ifdef STDC_HEADERS
| # include <stdlib.h>
| # include <stddef.h>
| #else
| # ifdef HAVE_STDLIB_H
| #  include <stdlib.h>
| # endif
| #endif
| #ifdef HAVE_STRING_H
| # if !defined STDC_HEADERS && defined HAVE_MEMORY_H
| #  include <memory.h>
| # endif
| # include <string.h>
| #endif
| #ifdef HAVE_STRINGS_H
| # include <strings.h>
| #endif
| #ifdef HAVE_INTTYPES_H
| # include <inttypes.h>
| #endif
| #ifdef HAVE_STDINT_H
| # include <stdint.h>
| #endif
| #ifdef HAVE_UNISTD_H
| # include <unistd.h>
| #endif
| #include <vector>
configure:15549: result: no
configure:15549: checking vector presence
configure:15549: gcc -E  conftest.c
conftest.c:28:18: fatal error: vector: No such file or directory
compilation terminated.
configure:15549: $? = 1
configure: failed program was:
| /* confdefs.h */
| #define PACKAGE_NAME "RNAalihishapes"
| #define PACKAGE_TARNAME "RNAalihishapes"
| #define PACKAGE_VERSION "1.0"
| #define PACKAGE_STRING "RNAalihishapes 1.0"
| #define PACKAGE_BUGREPORT "Jiabin Huang and Bjoern Voss <jiabin.huang, bjoern.voss@biologie.uni-freiburg.de>"
| #define PACKAGE_URL ""
| #define RELEASE_DATE "May 16, 2013"
| #define STDC_HEADERS 1
| #define HAVE_SYS_TYPES_H 1
| #define HAVE_SYS_STAT_H 1
| #define HAVE_STDLIB_H 1
| #define HAVE_STRING_H 1
| #define HAVE_MEMORY_H 1
| #define HAVE_STRINGS_H 1
| #define HAVE_INTTYPES_H 1
| #define HAVE_STDINT_H 1
| #define HAVE_UNISTD_H 1
| #define __EXTENSIONS__ 1
| #define _ALL_SOURCE 1
| #define _GNU_SOURCE 1
| #define _POSIX_PTHREAD_SEMANTICS 1
| #define _TANDEM_SOURCE 1
| #define UNUSED __attribute__ ((unused))
| #define HAVE_DLFCN_H 1
| #define LT_OBJDIR ".libs/"
| /* end confdefs.h.  */
| #include <vector>
configure:15549: result: no
configure:15549: checking for vector
configure:15549: result: no
configure:15549: checking vector.h usability
configure:15549: gcc -std=gnu99 -c -g -O2  conftest.c >&5
conftest.c:61:20: fatal error: vector.h: No such file or directory
compilation terminated.
configure:15549: $? = 1
configure: failed program was:
| /* confdefs.h */
| #define PACKAGE_NAME "RNAalihishapes"
| #define PACKAGE_TARNAME "RNAalihishapes"
| #define PACKAGE_VERSION "1.0"
| #define PACKAGE_STRING "RNAalihishapes 1.0"
| #define PACKAGE_BUGREPORT "Jiabin Huang and Bjoern Voss <jiabin.huang, bjoern.voss@biologie.uni-freiburg.de>"
| #define PACKAGE_URL ""
| #define RELEASE_DATE "May 16, 2013"
| #define STDC_HEADERS 1
| #define HAVE_SYS_TYPES_H 1
| #define HAVE_SYS_STAT_H 1
| #define HAVE_STDLIB_H 1
| #define HAVE_STRING_H 1
| #define HAVE_MEMORY_H 1
| #define HAVE_STRINGS_H 1
| #define HAVE_INTTYPES_H 1
| #define HAVE_STDINT_H 1
| #define HAVE_UNISTD_H 1
| #define __EXTENSIONS__ 1
| #define _ALL_SOURCE 1
| #define _GNU_SOURCE 1
| #define _POSIX_PTHREAD_SEMANTICS 1
| #define _TANDEM_SOURCE 1
| #define UNUSED __attribute__ ((unused))
| #define HAVE_DLFCN_H 1
| #define LT_OBJDIR ".libs/"
| /* end confdefs.h.  */
| #include <stdio.h>
| #ifdef HAVE_SYS_TYPES_H
| # include <sys/types.h>
| #endif
| #ifdef HAVE_SYS_STAT_H
| # include <sys/stat.h>
| #endif
| #ifdef STDC_HEADERS
| # include <stdlib.h>
| # include <stddef.h>
| #else
| # ifdef HAVE_STDLIB_H
| #  include <stdlib.h>
| # endif
| #endif
| #ifdef HAVE_STRING_H
| # if !defined STDC_HEADERS && defined HAVE_MEMORY_H
| #  include <memory.h>
| # endif
| # include <string.h>
| #endif
| #ifdef HAVE_STRINGS_H
| # include <strings.h>
| #endif
| #ifdef HAVE_INTTYPES_H
| # include <inttypes.h>
| #endif
| #ifdef HAVE_STDINT_H
| # include <stdint.h>
| #endif
| #ifdef HAVE_UNISTD_H
| # include <unistd.h>
| #endif
| #include <vector.h>
configure:15549: result: no
configure:15549: checking vector.h presence
configure:15549: gcc -E  conftest.c
conftest.c:28:20: fatal error: vector.h: No such file or directory
compilation terminated.
configure:15549: $? = 1
configure: failed program was:
| /* confdefs.h */
| #define PACKAGE_NAME "RNAalihishapes"
| #define PACKAGE_TARNAME "RNAalihishapes"
| #define PACKAGE_VERSION "1.0"
| #define PACKAGE_STRING "RNAalihishapes 1.0"
| #define PACKAGE_BUGREPORT "Jiabin Huang and Bjoern Voss <jiabin.huang, bjoern.voss@biologie.uni-freiburg.de>"
| #define PACKAGE_URL ""
| #define RELEASE_DATE "May 16, 2013"
| #define STDC_HEADERS 1
| #define HAVE_SYS_TYPES_H 1
| #define HAVE_SYS_STAT_H 1
| #define HAVE_STDLIB_H 1
| #define HAVE_STRING_H 1
| #define HAVE_MEMORY_H 1
| #define HAVE_STRINGS_H 1
| #define HAVE_INTTYPES_H 1
| #define HAVE_STDINT_H 1
| #define HAVE_UNISTD_H 1
| #define __EXTENSIONS__ 1
| #define _ALL_SOURCE 1
| #define _GNU_SOURCE 1
| #define _POSIX_PTHREAD_SEMANTICS 1
| #define _TANDEM_SOURCE 1
| #define UNUSED __attribute__ ((unused))
| #define HAVE_DLFCN_H 1
| #define LT_OBJDIR ".libs/"
| /* end confdefs.h.  */
| #include <vector.h>
configure:15549: result: no
configure:15549: checking for vector.h
configure:15549: result: no
configure:15562: checking algorithm usability
configure:15562: gcc -std=gnu99 -c -g -O2  conftest.c >&5
conftest.c:61:21: fatal error: algorithm: No such file or directory
compilation terminated.
configure:15562: $? = 1
configure: failed program was:
| /* confdefs.h */
| #define PACKAGE_NAME "RNAalihishapes"
| #define PACKAGE_TARNAME "RNAalihishapes"
| #define PACKAGE_VERSION "1.0"
| #define PACKAGE_STRING "RNAalihishapes 1.0"
| #define PACKAGE_BUGREPORT "Jiabin Huang and Bjoern Voss <jiabin.huang, bjoern.voss@biologie.uni-freiburg.de>"
| #define PACKAGE_URL ""
| #define RELEASE_DATE "May 16, 2013"
| #define STDC_HEADERS 1
| #define HAVE_SYS_TYPES_H 1
| #define HAVE_SYS_STAT_H 1
| #define HAVE_STDLIB_H 1
| #define HAVE_STRING_H 1
| #define HAVE_MEMORY_H 1
| #define HAVE_STRINGS_H 1
| #define HAVE_INTTYPES_H 1
| #define HAVE_STDINT_H 1
| #define HAVE_UNISTD_H 1
| #define __EXTENSIONS__ 1
| #define _ALL_SOURCE 1
| #define _GNU_SOURCE 1
| #define _POSIX_PTHREAD_SEMANTICS 1
| #define _TANDEM_SOURCE 1
| #define UNUSED __attribute__ ((unused))
| #define HAVE_DLFCN_H 1
| #define LT_OBJDIR ".libs/"
| /* end confdefs.h.  */
| #include <stdio.h>
| #ifdef HAVE_SYS_TYPES_H
| # include <sys/types.h>
| #endif
| #ifdef HAVE_SYS_STAT_H
| # include <sys/stat.h>
| #endif
| #ifdef STDC_HEADERS
| # include <stdlib.h>
| # include <stddef.h>
| #else
| # ifdef HAVE_STDLIB_H
| #  include <stdlib.h>
| # endif
| #endif
| #ifdef HAVE_STRING_H
| # if !defined STDC_HEADERS && defined HAVE_MEMORY_H
| #  include <memory.h>
| # endif
| # include <string.h>
| #endif
| #ifdef HAVE_STRINGS_H
| # include <strings.h>
| #endif
| #ifdef HAVE_INTTYPES_H
| # include <inttypes.h>
| #endif
| #ifdef HAVE_STDINT_H
| # include <stdint.h>
| #endif
| #ifdef HAVE_UNISTD_H
| # include <unistd.h>
| #endif
| #include <algorithm>
configure:15562: result: no
configure:15562: checking algorithm presence
configure:15562: gcc -E  conftest.c
conftest.c:28:21: fatal error: algorithm: No such file or directory
compilation terminated.
configure:15562: $? = 1
configure: failed program was:
| /* confdefs.h */
| #define PACKAGE_NAME "RNAalihishapes"
| #define PACKAGE_TARNAME "RNAalihishapes"
| #define PACKAGE_VERSION "1.0"
| #define PACKAGE_STRING "RNAalihishapes 1.0"
| #define PACKAGE_BUGREPORT "Jiabin Huang and Bjoern Voss <jiabin.huang, bjoern.voss@biologie.uni-freiburg.de>"
| #define PACKAGE_URL ""
| #define RELEASE_DATE "May 16, 2013"
| #define STDC_HEADERS 1
| #define HAVE_SYS_TYPES_H 1
| #define HAVE_SYS_STAT_H 1
| #define HAVE_STDLIB_H 1
| #define HAVE_STRING_H 1
| #define HAVE_MEMORY_H 1
| #define HAVE_STRINGS_H 1
| #define HAVE_INTTYPES_H 1
| #define HAVE_STDINT_H 1
| #define HAVE_UNISTD_H 1
| #define __EXTENSIONS__ 1
| #define _ALL_SOURCE 1
| #define _GNU_SOURCE 1
| #define _POSIX_PTHREAD_SEMANTICS 1
| #define _TANDEM_SOURCE 1
| #define UNUSED __attribute__ ((unused))
| #define HAVE_DLFCN_H 1
| #define LT_OBJDIR ".libs/"
| /* end confdefs.h.  */
| #include <algorithm>
configure:15562: result: no
configure:15562: checking for algorithm
configure:15562: result: no
configure:15562: checking algo.h usability
configure:15562: gcc -std=gnu99 -c -g -O2  conftest.c >&5
conftest.c:61:18: fatal error: algo.h: No such file or directory
compilation terminated.
configure:15562: $? = 1
configure: failed program was:
| /* confdefs.h */
| #define PACKAGE_NAME "RNAalihishapes"
| #define PACKAGE_TARNAME "RNAalihishapes"
| #define PACKAGE_VERSION "1.0"
| #define PACKAGE_STRING "RNAalihishapes 1.0"
| #define PACKAGE_BUGREPORT "Jiabin Huang and Bjoern Voss <jiabin.huang, bjoern.voss@biologie.uni-freiburg.de>"
| #define PACKAGE_URL ""
| #define RELEASE_DATE "May 16, 2013"
| #define STDC_HEADERS 1
| #define HAVE_SYS_TYPES_H 1
| #define HAVE_SYS_STAT_H 1
| #define HAVE_STDLIB_H 1
| #define HAVE_STRING_H 1
| #define HAVE_MEMORY_H 1
| #define HAVE_STRINGS_H 1
| #define HAVE_INTTYPES_H 1
| #define HAVE_STDINT_H 1
| #define HAVE_UNISTD_H 1
| #define __EXTENSIONS__ 1
| #define _ALL_SOURCE 1
| #define _GNU_SOURCE 1
| #define _POSIX_PTHREAD_SEMANTICS 1
| #define _TANDEM_SOURCE 1
| #define UNUSED __attribute__ ((unused))
| #define HAVE_DLFCN_H 1
| #define LT_OBJDIR ".libs/"
| /* end confdefs.h.  */
| #include <stdio.h>
| #ifdef HAVE_SYS_TYPES_H
| # include <sys/types.h>
| #endif
| #ifdef HAVE_SYS_STAT_H
| # include <sys/stat.h>
| #endif
| #ifdef STDC_HEADERS
| # include <stdlib.h>
| # include <stddef.h>
| #else
| # ifdef HAVE_STDLIB_H
| #  include <stdlib.h>
| # endif
| #endif
| #ifdef HAVE_STRING_H
| # if !defined STDC_HEADERS && defined HAVE_MEMORY_H
| #  include <memory.h>
| # endif
| # include <string.h>
| #endif
| #ifdef HAVE_STRINGS_H
| # include <strings.h>
| #endif
| #ifdef HAVE_INTTYPES_H
| # include <inttypes.h>
| #endif
| #ifdef HAVE_STDINT_H
| # include <stdint.h>
| #endif
| #ifdef HAVE_UNISTD_H
| # include <unistd.h>
| #endif
| #include <algo.h>
configure:15562: result: no
configure:15562: checking algo.h presence
configure:15562: gcc -E  conftest.c
conftest.c:28:18: fatal error: algo.h: No such file or directory
compilation terminated.
configure:15562: $? = 1
configure: failed program was:
| /* confdefs.h */
| #define PACKAGE_NAME "RNAalihishapes"
| #define PACKAGE_TARNAME "RNAalihishapes"
| #define PACKAGE_VERSION "1.0"
| #define PACKAGE_STRING "RNAalihishapes 1.0"
| #define PACKAGE_BUGREPORT "Jiabin Huang and Bjoern Voss <jiabin.huang, bjoern.voss@biologie.uni-freiburg.de>"
| #define PACKAGE_URL ""
| #define RELEASE_DATE "May 16, 2013"
| #define STDC_HEADERS 1
| #define HAVE_SYS_TYPES_H 1
| #define HAVE_SYS_STAT_H 1
| #define HAVE_STDLIB_H 1
| #define HAVE_STRING_H 1
| #define HAVE_MEMORY_H 1
| #define HAVE_STRINGS_H 1
| #define HAVE_INTTYPES_H 1
| #define HAVE_STDINT_H 1
| #define HAVE_UNISTD_H 1
| #define __EXTENSIONS__ 1
| #define _ALL_SOURCE 1
| #define _GNU_SOURCE 1
| #define _POSIX_PTHREAD_SEMANTICS 1
| #define _TANDEM_SOURCE 1
| #define UNUSED __attribute__ ((unused))
| #define HAVE_DLFCN_H 1
| #define LT_OBJDIR ".libs/"
| /* end confdefs.h.  */
| #include <algo.h>
configure:15562: result: no
configure:15562: checking for algo.h
configure:15562: result: no
configure:15562: checking algorithm.h usability
configure:15562: gcc -std=gnu99 -c -g -O2  conftest.c >&5
conftest.c:61:23: fatal error: algorithm.h: No such file or directory
compilation terminated.
configure:15562: $? = 1
configure: failed program was:
| /* confdefs.h */
| #define PACKAGE_NAME "RNAalihishapes"
| #define PACKAGE_TARNAME "RNAalihishapes"
| #define PACKAGE_VERSION "1.0"
| #define PACKAGE_STRING "RNAalihishapes 1.0"
| #define PACKAGE_BUGREPORT "Jiabin Huang and Bjoern Voss <jiabin.huang, bjoern.voss@biologie.uni-freiburg.de>"
| #define PACKAGE_URL ""
| #define RELEASE_DATE "May 16, 2013"
| #define STDC_HEADERS 1
| #define HAVE_SYS_TYPES_H 1
| #define HAVE_SYS_STAT_H 1
| #define HAVE_STDLIB_H 1
| #define HAVE_STRING_H 1
| #define HAVE_MEMORY_H 1
| #define HAVE_STRINGS_H 1
| #define HAVE_INTTYPES_H 1
| #define HAVE_STDINT_H 1
| #define HAVE_UNISTD_H 1
| #define __EXTENSIONS__ 1
| #define _ALL_SOURCE 1
| #define _GNU_SOURCE 1
| #define _POSIX_PTHREAD_SEMANTICS 1
| #define _TANDEM_SOURCE 1
| #define UNUSED __attribute__ ((unused))
| #define HAVE_DLFCN_H 1
| #define LT_OBJDIR ".libs/"
| /* end confdefs.h.  */
| #include <stdio.h>
| #ifdef HAVE_SYS_TYPES_H
| # include <sys/types.h>
| #endif
| #ifdef HAVE_SYS_STAT_H
| # include <sys/stat.h>
| #endif
| #ifdef STDC_HEADERS
| # include <stdlib.h>
| # include <stddef.h>
| #else
| # ifdef HAVE_STDLIB_H
| #  include <stdlib.h>
| # endif
| #endif
| #ifdef HAVE_STRING_H
| # if !defined STDC_HEADERS && defined HAVE_MEMORY_H
| #  include <memory.h>
| # endif
| # include <string.h>
| #endif
| #ifdef HAVE_STRINGS_H
| # include <strings.h>
| #endif
| #ifdef HAVE_INTTYPES_H
| # include <inttypes.h>
| #endif
| #ifdef HAVE_STDINT_H
| # include <stdint.h>
| #endif
| #ifdef HAVE_UNISTD_H
| # include <unistd.h>
| #endif
| #include <algorithm.h>
configure:15562: result: no
configure:15562: checking algorithm.h presence
configure:15562: gcc -E  conftest.c
conftest.c:28:23: fatal error: algorithm.h: No such file or directory
compilation terminated.
configure:15562: $? = 1
configure: failed program was:
| /* confdefs.h */
| #define PACKAGE_NAME "RNAalihishapes"
| #define PACKAGE_TARNAME "RNAalihishapes"
| #define PACKAGE_VERSION "1.0"
| #define PACKAGE_STRING "RNAalihishapes 1.0"
| #define PACKAGE_BUGREPORT "Jiabin Huang and Bjoern Voss <jiabin.huang, bjoern.voss@biologie.uni-freiburg.de>"
| #define PACKAGE_URL ""
| #define RELEASE_DATE "May 16, 2013"
| #define STDC_HEADERS 1
| #define HAVE_SYS_TYPES_H 1
| #define HAVE_SYS_STAT_H 1
| #define HAVE_STDLIB_H 1
| #define HAVE_STRING_H 1
| #define HAVE_MEMORY_H 1
| #define HAVE_STRINGS_H 1
| #define HAVE_INTTYPES_H 1
| #define HAVE_STDINT_H 1
| #define HAVE_UNISTD_H 1
| #define __EXTENSIONS__ 1
| #define _ALL_SOURCE 1
| #define _GNU_SOURCE 1
| #define _POSIX_PTHREAD_SEMANTICS 1
| #define _TANDEM_SOURCE 1
| #define UNUSED __attribute__ ((unused))
| #define HAVE_DLFCN_H 1
| #define LT_OBJDIR ".libs/"
| /* end confdefs.h.  */
| #include <algorithm.h>
configure:15562: result: no
configure:15562: checking for algorithm.h
configure:15562: result: no
configure:15584: checking if g++ supports C++0x features without additional flags
configure:15621: c++ -c -g -O2  conftest.cpp >&5
conftest.cpp:32:21: error: expected identifier before 'sizeof'
conftest.cpp:32:21: error: expected ',' or '...' before 'sizeof'
conftest.cpp:32:63: error: ISO C++ forbids declaration of 'static_assert' with no type [-fpermissive]
conftest.cpp:35:29: error: '>>' should be '> >' within a nested template argument list
conftest.cpp:38:13: error: expected constructor, destructor, or type conversion before '(' token
conftest.cpp:42:15: error: expected unqualified-id before '&&' token
configure:15621: $? = 1
configure: failed program was:
| /* confdefs.h */
| #define PACKAGE_NAME "RNAalihishapes"
| #define PACKAGE_TARNAME "RNAalihishapes"
| #define PACKAGE_VERSION "1.0"
| #define PACKAGE_STRING "RNAalihishapes 1.0"
| #define PACKAGE_BUGREPORT "Jiabin Huang and Bjoern Voss <jiabin.huang, bjoern.voss@biologie.uni-freiburg.de>"
| #define PACKAGE_URL ""
| #define RELEASE_DATE "May 16, 2013"
| #define STDC_HEADERS 1
| #define HAVE_SYS_TYPES_H 1
| #define HAVE_SYS_STAT_H 1
| #define HAVE_STDLIB_H 1
| #define HAVE_STRING_H 1
| #define HAVE_MEMORY_H 1
| #define HAVE_STRINGS_H 1
| #define HAVE_INTTYPES_H 1
| #define HAVE_STDINT_H 1
| #define HAVE_UNISTD_H 1
| #define __EXTENSIONS__ 1
| #define _ALL_SOURCE 1
| #define _GNU_SOURCE 1
| #define _POSIX_PTHREAD_SEMANTICS 1
| #define _TANDEM_SOURCE 1
| #define UNUSED __attribute__ ((unused))
| #define HAVE_DLFCN_H 1
| #define LT_OBJDIR ".libs/"
| /* end confdefs.h.  */
| 
|   template <typename T>
|     struct check
|     {
|       static_assert(sizeof(int) <= sizeof(T), "not big enough");
|     };
| 
|     typedef check<check<bool>> right_angle_brackets;
| 
|     int a;
|     decltype(a) b;
| 
|     typedef check<int> check_type;
|     check_type c;
|     check_type&& cr = static_cast<check_type&&>(c);
| int
| main ()
| {
| 
|   ;
|   return 0;
| }
configure:15635: result: no
configure:15638: checking if g++ supports C++0x features with -std=c++0x
configure:15677: c++ -c -g -O2 -std=c++0x  conftest.cpp >&5
configure:15677: $? = 0
configure:15692: result: yes
configure:15695: checking if g++ supports C++0x features with -std=gnu++0x
configure:15734: c++ -c -g -O2 -std=gnu++0x  conftest.cpp >&5
configure:15734: $? = 0
configure:15749: result: yes
configure: this is boost.m4 serial 16
configure:15837: checking for Boost headers version >= 1.36.0
configure:15908: c++ -c -g -O2  conftest.cpp >&5
configure:15908: $? = 0
configure:15929: result: yes
configure:15948: checking for Boost's header version
configure:15966: result: 1_46_1
configure:15993: checking boost/format.hpp usability
configure:15993: c++ -c -g -O2   conftest.cpp >&5
configure:15993: $? = 0
configure:15993: result: yes
configure:15993: checking boost/format.hpp presence
configure:15993: c++ -E   conftest.cpp
configure:15993: $? = 0
configure:15993: result: yes
configure:15993: checking for boost/format.hpp
configure:15993: result: yes
configure:16022: checking for the toolset name used by Boost for c++
configure:16095: c++ -c -g -O2  conftest.cpp >&5
configure:16095: $? = 0
configure:16130: result: gcc46 -gcc
configure:16157: gcc -std=gnu99 -c -g -O2  conftest.c >&5
conftest.c:35:3: error: #error MT not needed
configure:16157: $? = 1
configure: failed program was:
| /* confdefs.h */
| #define PACKAGE_NAME "RNAalihishapes"
| #define PACKAGE_TARNAME "RNAalihishapes"
| #define PACKAGE_VERSION "1.0"
| #define PACKAGE_STRING "RNAalihishapes 1.0"
| #define PACKAGE_BUGREPORT "Jiabin Huang and Bjoern Voss <jiabin.huang, bjoern.voss@biologie.uni-freiburg.de>"
| #define PACKAGE_URL ""
| #define RELEASE_DATE "May 16, 2013"
| #define STDC_HEADERS 1
| #define HAVE_SYS_TYPES_H 1
| #define HAVE_SYS_STAT_H 1
| #define HAVE_STDLIB_H 1
| #define HAVE_STRING_H 1
| #define HAVE_MEMORY_H 1
| #define HAVE_STRINGS_H 1
| #define HAVE_INTTYPES_H 1
| #define HAVE_STDINT_H 1
| #define HAVE_UNISTD_H 1
| #define __EXTENSIONS__ 1
| #define _ALL_SOURCE 1
| #define _GNU_SOURCE 1
| #define _POSIX_PTHREAD_SEMANTICS 1
| #define _TANDEM_SOURCE 1
| #define UNUSED __attribute__ ((unused))
| #define HAVE_DLFCN_H 1
| #define LT_OBJDIR ".libs/"
| #define HAVE_STDCXX_0X /**/
| #define HAVE_BOOST 1
| #define HAVE_BOOST_FORMAT_HPP 1
| /* end confdefs.h.  */
| 
| #if defined _REENTRANT || defined _MT || defined __MT__
| /* use -mt */
| #else
| # error MT not needed
| #endif
| 
| int
| main ()
| {
| 
|   ;
|   return 0;
| }
configure:16184: checking boost/date_time/posix_time/posix_time.hpp usability
configure:16184: c++ -c -g -O2   conftest.cpp >&5
configure:16184: $? = 0
configure:16184: result: yes
configure:16184: checking boost/date_time/posix_time/posix_time.hpp presence
configure:16184: c++ -E   conftest.cpp
configure:16184: $? = 0
configure:16184: result: yes
configure:16184: checking for boost/date_time/posix_time/posix_time.hpp
configure:16184: result: yes
configure:16211: checking for the Boost date_time library
configure:16253: c++ -c -g -O2   conftest.cpp >&5
configure:16253: $? = 0
configure:16304: re-using the existing conftest.o
configure:16310: c++ -o conftest -g -O2    -L/usr/local/lib conftest.o -lboost_date_time-gcc46-mt-1_46_1  >&5
/usr/bin/ld: cannot find -lboost_date_time-gcc46-mt-1_46_1
collect2: ld returned 1 exit status
configure:16319: $? = 1
configure:16304: re-using the existing conftest.o
configure:16310: c++ -o conftest -g -O2    -L/usr/lib conftest.o -lboost_date_time-gcc46-mt-1_46_1  >&5
/usr/bin/ld: cannot find -lboost_date_time-gcc46-mt-1_46_1
collect2: ld returned 1 exit status
configure:16319: $? = 1
configure:16304: re-using the existing conftest.o
configure:16310: c++ -o conftest -g -O2    -L/usr/lib32 conftest.o -lboost_date_time-gcc46-mt-1_46_1  >&5
/usr/bin/ld: cannot find -lboost_date_time-gcc46-mt-1_46_1
collect2: ld returned 1 exit status
configure:16319: $? = 1
configure:16304: re-using the existing conftest.o
configure:16310: c++ -o conftest -g -O2    -L/lib conftest.o -lboost_date_time-gcc46-mt-1_46_1  >&5
/usr/bin/ld: cannot find -lboost_date_time-gcc46-mt-1_46_1
collect2: ld returned 1 exit status
configure:16319: $? = 1
configure:16304: re-using the existing conftest.o
configure:16310: c++ -o conftest -g -O2    -L/lib32 conftest.o -lboost_date_time-gcc46-mt-1_46_1  >&5
/usr/bin/ld: cannot find -lboost_date_time-gcc46-mt-1_46_1
collect2: ld returned 1 exit status
configure:16319: $? = 1
configure:16304: re-using the existing conftest.o
configure:16310: c++ -o conftest -g -O2    -L/lib64 conftest.o -lboost_date_time-gcc46-mt-1_46_1  >&5
/usr/bin/ld: cannot find -lboost_date_time-gcc46-mt-1_46_1
collect2: ld returned 1 exit status
configure:16319: $? = 1
configure:16304: re-using the existing conftest.o
configure:16310: c++ -o conftest -g -O2    -L/usr/local/lib conftest.o -lboost_date_time-gcc46-1_46_1  >&5
/usr/bin/ld: cannot find -lboost_date_time-gcc46-1_46_1
collect2: ld returned 1 exit status
configure:16319: $? = 1
configure:16304: re-using the existing conftest.o
configure:16310: c++ -o conftest -g -O2    -L/usr/lib conftest.o -lboost_date_time-gcc46-1_46_1  >&5
/usr/bin/ld: cannot find -lboost_date_time-gcc46-1_46_1
collect2: ld returned 1 exit status
configure:16319: $? = 1
configure:16304: re-using the existing conftest.o
configure:16310: c++ -o conftest -g -O2    -L/usr/lib32 conftest.o -lboost_date_time-gcc46-1_46_1  >&5
/usr/bin/ld: cannot find -lboost_date_time-gcc46-1_46_1
collect2: ld returned 1 exit status
configure:16319: $? = 1
configure:16304: re-using the existing conftest.o
configure:16310: c++ -o conftest -g -O2    -L/lib conftest.o -lboost_date_time-gcc46-1_46_1  >&5
/usr/bin/ld: cannot find -lboost_date_time-gcc46-1_46_1
collect2: ld returned 1 exit status
configure:16319: $? = 1
configure:16304: re-using the existing conftest.o
configure:16310: c++ -o conftest -g -O2    -L/lib32 conftest.o -lboost_date_time-gcc46-1_46_1  >&5
/usr/bin/ld: cannot find -lboost_date_time-gcc46-1_46_1
collect2: ld returned 1 exit status
configure:16319: $? = 1
configure:16304: re-using the existing conftest.o
configure:16310: c++ -o conftest -g -O2    -L/lib64 conftest.o -lboost_date_time-gcc46-1_46_1  >&5
/usr/bin/ld: cannot find -lboost_date_time-gcc46-1_46_1
collect2: ld returned 1 exit status
configure:16319: $? = 1
configure:16304: re-using the existing conftest.o
configure:16310: c++ -o conftest -g -O2    -L/usr/local/lib conftest.o -lboost_date_time-gcc46-mt-d-1_46_1  >&5
/usr/bin/ld: cannot find -lboost_date_time-gcc46-mt-d-1_46_1
collect2: ld returned 1 exit status
configure:16319: $? = 1
configure:16304: re-using the existing conftest.o
configure:16310: c++ -o conftest -g -O2    -L/usr/lib conftest.o -lboost_date_time-gcc46-mt-d-1_46_1  >&5
/usr/bin/ld: cannot find -lboost_date_time-gcc46-mt-d-1_46_1
collect2: ld returned 1 exit status
configure:16319: $? = 1
configure:16304: re-using the existing conftest.o
configure:16310: c++ -o conftest -g -O2    -L/usr/lib32 conftest.o -lboost_date_time-gcc46-mt-d-1_46_1  >&5
/usr/bin/ld: cannot find -lboost_date_time-gcc46-mt-d-1_46_1
collect2: ld returned 1 exit status
configure:16319: $? = 1
configure:16304: re-using the existing conftest.o
configure:16310: c++ -o conftest -g -O2    -L/lib conftest.o -lboost_date_time-gcc46-mt-d-1_46_1  >&5
/usr/bin/ld: cannot find -lboost_date_time-gcc46-mt-d-1_46_1
collect2: ld returned 1 exit status
configure:16319: $? = 1
configure:16304: re-using the existing conftest.o
configure:16310: c++ -o conftest -g -O2    -L/lib32 conftest.o -lboost_date_time-gcc46-mt-d-1_46_1  >&5
/usr/bin/ld: cannot find -lboost_date_time-gcc46-mt-d-1_46_1
collect2: ld returned 1 exit status
configure:16319: $? = 1
configure:16304: re-using the existing conftest.o
configure:16310: c++ -o conftest -g -O2    -L/lib64 conftest.o -lboost_date_time-gcc46-mt-d-1_46_1  >&5
/usr/bin/ld: cannot find -lboost_date_time-gcc46-mt-d-1_46_1
collect2: ld returned 1 exit status
configure:16319: $? = 1
configure:16304: re-using the existing conftest.o
configure:16310: c++ -o conftest -g -O2    -L/usr/local/lib conftest.o -lboost_date_time-gcc46-d-1_46_1  >&5
/usr/bin/ld: cannot find -lboost_date_time-gcc46-d-1_46_1
collect2: ld returned 1 exit status
configure:16319: $? = 1
configure:16304: re-using the existing conftest.o
configure:16310: c++ -o conftest -g -O2    -L/usr/lib conftest.o -lboost_date_time-gcc46-d-1_46_1  >&5
/usr/bin/ld: cannot find -lboost_date_time-gcc46-d-1_46_1
collect2: ld returned 1 exit status
configure:16319: $? = 1
configure:16304: re-using the existing conftest.o
configure:16310: c++ -o conftest -g -O2    -L/usr/lib32 conftest.o -lboost_date_time-gcc46-d-1_46_1  >&5
/usr/bin/ld: cannot find -lboost_date_time-gcc46-d-1_46_1
collect2: ld returned 1 exit status
configure:16319: $? = 1
configure:16304: re-using the existing conftest.o
configure:16310: c++ -o conftest -g -O2    -L/lib conftest.o -lboost_date_time-gcc46-d-1_46_1  >&5
/usr/bin/ld: cannot find -lboost_date_time-gcc46-d-1_46_1
collect2: ld returned 1 exit status
configure:16319: $? = 1
configure:16304: re-using the existing conftest.o
configure:16310: c++ -o conftest -g -O2    -L/lib32 conftest.o -lboost_date_time-gcc46-d-1_46_1  >&5
/usr/bin/ld: cannot find -lboost_date_time-gcc46-d-1_46_1
collect2: ld returned 1 exit status
configure:16319: $? = 1
configure:16304: re-using the existing conftest.o
configure:16310: c++ -o conftest -g -O2    -L/lib64 conftest.o -lboost_date_time-gcc46-d-1_46_1  >&5
/usr/bin/ld: cannot find -lboost_date_time-gcc46-d-1_46_1
collect2: ld returned 1 exit status
configure:16319: $? = 1
configure:16304: re-using the existing conftest.o
configure:16310: c++ -o conftest -g -O2    -L/usr/local/lib conftest.o -lboost_date_time-gcc46-mt  >&5
/usr/bin/ld: cannot find -lboost_date_time-gcc46-mt
collect2: ld returned 1 exit status
configure:16319: $? = 1
configure:16304: re-using the existing conftest.o
configure:16310: c++ -o conftest -g -O2    -L/usr/lib conftest.o -lboost_date_time-gcc46-mt  >&5
/usr/bin/ld: cannot find -lboost_date_time-gcc46-mt
collect2: ld returned 1 exit status
configure:16319: $? = 1
configure:16304: re-using the existing conftest.o
configure:16310: c++ -o conftest -g -O2    -L/usr/lib32 conftest.o -lboost_date_time-gcc46-mt  >&5
/usr/bin/ld: cannot find -lboost_date_time-gcc46-mt
collect2: ld returned 1 exit status
configure:16319: $? = 1
configure:16304: re-using the existing conftest.o
configure:16310: c++ -o conftest -g -O2    -L/lib conftest.o -lboost_date_time-gcc46-mt  >&5
/usr/bin/ld: cannot find -lboost_date_time-gcc46-mt
collect2: ld returned 1 exit status
configure:16319: $? = 1
configure:16304: re-using the existing conftest.o
configure:16310: c++ -o conftest -g -O2    -L/lib32 conftest.o -lboost_date_time-gcc46-mt  >&5
/usr/bin/ld: cannot find -lboost_date_time-gcc46-mt
collect2: ld returned 1 exit status
configure:16319: $? = 1
configure:16304: re-using the existing conftest.o
configure:16310: c++ -o conftest -g -O2    -L/lib64 conftest.o -lboost_date_time-gcc46-mt  >&5
/usr/bin/ld: cannot find -lboost_date_time-gcc46-mt
collect2: ld returned 1 exit status
configure:16319: $? = 1
configure:16304: re-using the existing conftest.o
configure:16310: c++ -o conftest -g -O2    -L/usr/local/lib conftest.o -lboost_date_time-gcc46  >&5
/usr/bin/ld: cannot find -lboost_date_time-gcc46
collect2: ld returned 1 exit status
configure:16319: $? = 1
configure:16304: re-using the existing conftest.o
configure:16310: c++ -o conftest -g -O2    -L/usr/lib conftest.o -lboost_date_time-gcc46  >&5
/usr/bin/ld: cannot find -lboost_date_time-gcc46
collect2: ld returned 1 exit status
configure:16319: $? = 1
configure:16304: re-using the existing conftest.o
configure:16310: c++ -o conftest -g -O2    -L/usr/lib32 conftest.o -lboost_date_time-gcc46  >&5
/usr/bin/ld: cannot find -lboost_date_time-gcc46
collect2: ld returned 1 exit status
configure:16319: $? = 1
configure:16304: re-using the existing conftest.o
configure:16310: c++ -o conftest -g -O2    -L/lib conftest.o -lboost_date_time-gcc46  >&5
/usr/bin/ld: cannot find -lboost_date_time-gcc46
collect2: ld returned 1 exit status
configure:16319: $? = 1
configure:16304: re-using the existing conftest.o
configure:16310: c++ -o conftest -g -O2    -L/lib32 conftest.o -lboost_date_time-gcc46  >&5
/usr/bin/ld: cannot find -lboost_date_time-gcc46
collect2: ld returned 1 exit status
configure:16319: $? = 1
configure:16304: re-using the existing conftest.o
configure:16310: c++ -o conftest -g -O2    -L/lib64 conftest.o -lboost_date_time-gcc46  >&5
/usr/bin/ld: cannot find -lboost_date_time-gcc46
collect2: ld returned 1 exit status
configure:16319: $? = 1
configure:16304: re-using the existing conftest.o
configure:16310: c++ -o conftest -g -O2    -L/usr/local/lib conftest.o -lboost_date_time-gcc46-mt-d  >&5
/usr/bin/ld: cannot find -lboost_date_time-gcc46-mt-d
collect2: ld returned 1 exit status
configure:16319: $? = 1
configure:16304: re-using the existing conftest.o
configure:16310: c++ -o conftest -g -O2    -L/usr/lib conftest.o -lboost_date_time-gcc46-mt-d  >&5
/usr/bin/ld: cannot find -lboost_date_time-gcc46-mt-d
collect2: ld returned 1 exit status
configure:16319: $? = 1
configure:16304: re-using the existing conftest.o
configure:16310: c++ -o conftest -g -O2    -L/usr/lib32 conftest.o -lboost_date_time-gcc46-mt-d  >&5
/usr/bin/ld: cannot find -lboost_date_time-gcc46-mt-d
collect2: ld returned 1 exit status
configure:16319: $? = 1
configure:16304: re-using the existing conftest.o
configure:16310: c++ -o conftest -g -O2    -L/lib conftest.o -lboost_date_time-gcc46-mt-d  >&5
/usr/bin/ld: cannot find -lboost_date_time-gcc46-mt-d
collect2: ld returned 1 exit status
configure:16319: $? = 1
configure:16304: re-using the existing conftest.o
configure:16310: c++ -o conftest -g -O2    -L/lib32 conftest.o -lboost_date_time-gcc46-mt-d  >&5
/usr/bin/ld: cannot find -lboost_date_time-gcc46-mt-d
collect2: ld returned 1 exit status
configure:16319: $? = 1
configure:16304: re-using the existing conftest.o
configure:16310: c++ -o conftest -g -O2    -L/lib64 conftest.o -lboost_date_time-gcc46-mt-d  >&5
/usr/bin/ld: cannot find -lboost_date_time-gcc46-mt-d
collect2: ld returned 1 exit status
configure:16319: $? = 1
configure:16304: re-using the existing conftest.o
configure:16310: c++ -o conftest -g -O2    -L/usr/local/lib conftest.o -lboost_date_time-gcc46-d  >&5
/usr/bin/ld: cannot find -lboost_date_time-gcc46-d
collect2: ld returned 1 exit status
configure:16319: $? = 1
configure:16304: re-using the existing conftest.o
configure:16310: c++ -o conftest -g -O2    -L/usr/lib conftest.o -lboost_date_time-gcc46-d  >&5
/usr/bin/ld: cannot find -lboost_date_time-gcc46-d
collect2: ld returned 1 exit status
configure:16319: $? = 1
configure:16304: re-using the existing conftest.o
configure:16310: c++ -o conftest -g -O2    -L/usr/lib32 conftest.o -lboost_date_time-gcc46-d  >&5
/usr/bin/ld: cannot find -lboost_date_time-gcc46-d
collect2: ld returned 1 exit status
configure:16319: $? = 1
configure:16304: re-using the existing conftest.o
configure:16310: c++ -o conftest -g -O2    -L/lib conftest.o -lboost_date_time-gcc46-d  >&5
/usr/bin/ld: cannot find -lboost_date_time-gcc46-d
collect2: ld returned 1 exit status
configure:16319: $? = 1
configure:16304: re-using the existing conftest.o
configure:16310: c++ -o conftest -g -O2    -L/lib32 conftest.o -lboost_date_time-gcc46-d  >&5
/usr/bin/ld: cannot find -lboost_date_time-gcc46-d
collect2: ld returned 1 exit status
configure:16319: $? = 1
configure:16304: re-using the existing conftest.o
configure:16310: c++ -o conftest -g -O2    -L/lib64 conftest.o -lboost_date_time-gcc46-d  >&5
/usr/bin/ld: cannot find -lboost_date_time-gcc46-d
collect2: ld returned 1 exit status
configure:16319: $? = 1
configure:16304: re-using the existing conftest.o
configure:16310: c++ -o conftest -g -O2    -L/usr/local/lib conftest.o -lboost_date_time-gcc-mt-1_46_1  >&5
/usr/bin/ld: cannot find -lboost_date_time-gcc-mt-1_46_1
collect2: ld returned 1 exit status
configure:16319: $? = 1
configure:16304: re-using the existing conftest.o
configure:16310: c++ -o conftest -g -O2    -L/usr/lib conftest.o -lboost_date_time-gcc-mt-1_46_1  >&5
/usr/bin/ld: cannot find -lboost_date_time-gcc-mt-1_46_1
collect2: ld returned 1 exit status
configure:16319: $? = 1
configure:16304: re-using the existing conftest.o
configure:16310: c++ -o conftest -g -O2    -L/usr/lib32 conftest.o -lboost_date_time-gcc-mt-1_46_1  >&5
/usr/bin/ld: cannot find -lboost_date_time-gcc-mt-1_46_1
collect2: ld returned 1 exit status
configure:16319: $? = 1
configure:16304: re-using the existing conftest.o
configure:16310: c++ -o conftest -g -O2    -L/lib conftest.o -lboost_date_time-gcc-mt-1_46_1  >&5
/usr/bin/ld: cannot find -lboost_date_time-gcc-mt-1_46_1
collect2: ld returned 1 exit status
configure:16319: $? = 1
configure:16304: re-using the existing conftest.o
configure:16310: c++ -o conftest -g -O2    -L/lib32 conftest.o -lboost_date_time-gcc-mt-1_46_1  >&5
/usr/bin/ld: cannot find -lboost_date_time-gcc-mt-1_46_1
collect2: ld returned 1 exit status
configure:16319: $? = 1
configure:16304: re-using the existing conftest.o
configure:16310: c++ -o conftest -g -O2    -L/lib64 conftest.o -lboost_date_time-gcc-mt-1_46_1  >&5
/usr/bin/ld: cannot find -lboost_date_time-gcc-mt-1_46_1
collect2: ld returned 1 exit status
configure:16319: $? = 1
configure:16304: re-using the existing conftest.o
configure:16310: c++ -o conftest -g -O2    -L/usr/local/lib conftest.o -lboost_date_time-gcc-1_46_1  >&5
/usr/bin/ld: cannot find -lboost_date_time-gcc-1_46_1
collect2: ld returned 1 exit status
configure:16319: $? = 1
configure:16304: re-using the existing conftest.o
configure:16310: c++ -o conftest -g -O2    -L/usr/lib conftest.o -lboost_date_time-gcc-1_46_1  >&5
/usr/bin/ld: cannot find -lboost_date_time-gcc-1_46_1
collect2: ld returned 1 exit status
configure:16319: $? = 1
configure:16304: re-using the existing conftest.o
configure:16310: c++ -o conftest -g -O2    -L/usr/lib32 conftest.o -lboost_date_time-gcc-1_46_1  >&5
/usr/bin/ld: cannot find -lboost_date_time-gcc-1_46_1
collect2: ld returned 1 exit status
configure:16319: $? = 1
configure:16304: re-using the existing conftest.o
configure:16310: c++ -o conftest -g -O2    -L/lib conftest.o -lboost_date_time-gcc-1_46_1  >&5
/usr/bin/ld: cannot find -lboost_date_time-gcc-1_46_1
collect2: ld returned 1 exit status
configure:16319: $? = 1
configure:16304: re-using the existing conftest.o
configure:16310: c++ -o conftest -g -O2    -L/lib32 conftest.o -lboost_date_time-gcc-1_46_1  >&5
/usr/bin/ld: cannot find -lboost_date_time-gcc-1_46_1
collect2: ld returned 1 exit status
configure:16319: $? = 1
configure:16304: re-using the existing conftest.o
configure:16310: c++ -o conftest -g -O2    -L/lib64 conftest.o -lboost_date_time-gcc-1_46_1  >&5
/usr/bin/ld: cannot find -lboost_date_time-gcc-1_46_1
collect2: ld returned 1 exit status
configure:16319: $? = 1
configure:16304: re-using the existing conftest.o
configure:16310: c++ -o conftest -g -O2    -L/usr/local/lib conftest.o -lboost_date_time-gcc-mt-d-1_46_1  >&5
/usr/bin/ld: cannot find -lboost_date_time-gcc-mt-d-1_46_1
collect2: ld returned 1 exit status
configure:16319: $? = 1
configure:16304: re-using the existing conftest.o
configure:16310: c++ -o conftest -g -O2    -L/usr/lib conftest.o -lboost_date_time-gcc-mt-d-1_46_1  >&5
/usr/bin/ld: cannot find -lboost_date_time-gcc-mt-d-1_46_1
collect2: ld returned 1 exit status
configure:16319: $? = 1
configure:16304: re-using the existing conftest.o
configure:16310: c++ -o conftest -g -O2    -L/usr/lib32 conftest.o -lboost_date_time-gcc-mt-d-1_46_1  >&5
/usr/bin/ld: cannot find -lboost_date_time-gcc-mt-d-1_46_1
collect2: ld returned 1 exit status
configure:16319: $? = 1
configure:16304: re-using the existing conftest.o
configure:16310: c++ -o conftest -g -O2    -L/lib conftest.o -lboost_date_time-gcc-mt-d-1_46_1  >&5
/usr/bin/ld: cannot find -lboost_date_time-gcc-mt-d-1_46_1
collect2: ld returned 1 exit status
configure:16319: $? = 1
configure:16304: re-using the existing conftest.o
configure:16310: c++ -o conftest -g -O2    -L/lib32 conftest.o -lboost_date_time-gcc-mt-d-1_46_1  >&5
/usr/bin/ld: cannot find -lboost_date_time-gcc-mt-d-1_46_1
collect2: ld returned 1 exit status
configure:16319: $? = 1
configure:16304: re-using the existing conftest.o
configure:16310: c++ -o conftest -g -O2    -L/lib64 conftest.o -lboost_date_time-gcc-mt-d-1_46_1  >&5
/usr/bin/ld: cannot find -lboost_date_time-gcc-mt-d-1_46_1
collect2: ld returned 1 exit status
configure:16319: $? = 1
configure:16304: re-using the existing conftest.o
configure:16310: c++ -o conftest -g -O2    -L/usr/local/lib conftest.o -lboost_date_time-gcc-d-1_46_1  >&5
/usr/bin/ld: cannot find -lboost_date_time-gcc-d-1_46_1
collect2: ld returned 1 exit status
configure:16319: $? = 1
configure:16304: re-using the existing conftest.o
configure:16310: c++ -o conftest -g -O2    -L/usr/lib conftest.o -lboost_date_time-gcc-d-1_46_1  >&5
/usr/bin/ld: cannot find -lboost_date_time-gcc-d-1_46_1
collect2: ld returned 1 exit status
configure:16319: $? = 1
configure:16304: re-using the existing conftest.o
configure:16310: c++ -o conftest -g -O2    -L/usr/lib32 conftest.o -lboost_date_time-gcc-d-1_46_1  >&5
/usr/bin/ld: cannot find -lboost_date_time-gcc-d-1_46_1
collect2: ld returned 1 exit status
configure:16319: $? = 1
configure:16304: re-using the existing conftest.o
configure:16310: c++ -o conftest -g -O2    -L/lib conftest.o -lboost_date_time-gcc-d-1_46_1  >&5
/usr/bin/ld: cannot find -lboost_date_time-gcc-d-1_46_1
collect2: ld returned 1 exit status
configure:16319: $? = 1
configure:16304: re-using the existing conftest.o
configure:16310: c++ -o conftest -g -O2    -L/lib32 conftest.o -lboost_date_time-gcc-d-1_46_1  >&5
/usr/bin/ld: cannot find -lboost_date_time-gcc-d-1_46_1
collect2: ld returned 1 exit status
configure:16319: $? = 1
configure:16304: re-using the existing conftest.o
configure:16310: c++ -o conftest -g -O2    -L/lib64 conftest.o -lboost_date_time-gcc-d-1_46_1  >&5
/usr/bin/ld: cannot find -lboost_date_time-gcc-d-1_46_1
collect2: ld returned 1 exit status
configure:16319: $? = 1
configure:16304: re-using the existing conftest.o
configure:16310: c++ -o conftest -g -O2    -L/usr/local/lib conftest.o -lboost_date_time-gcc-mt  >&5
/usr/bin/ld: cannot find -lboost_date_time-gcc-mt
collect2: ld returned 1 exit status
configure:16319: $? = 1
configure:16304: re-using the existing conftest.o
configure:16310: c++ -o conftest -g -O2    -L/usr/lib conftest.o -lboost_date_time-gcc-mt  >&5
/usr/bin/ld: cannot find -lboost_date_time-gcc-mt
collect2: ld returned 1 exit status
configure:16319: $? = 1
configure:16304: re-using the existing conftest.o
configure:16310: c++ -o conftest -g -O2    -L/usr/lib32 conftest.o -lboost_date_time-gcc-mt  >&5
/usr/bin/ld: cannot find -lboost_date_time-gcc-mt
collect2: ld returned 1 exit status
configure:16319: $? = 1
configure:16304: re-using the existing conftest.o
configure:16310: c++ -o conftest -g -O2    -L/lib conftest.o -lboost_date_time-gcc-mt  >&5
/usr/bin/ld: cannot find -lboost_date_time-gcc-mt
collect2: ld returned 1 exit status
configure:16319: $? = 1
configure:16304: re-using the existing conftest.o
configure:16310: c++ -o conftest -g -O2    -L/lib32 conftest.o -lboost_date_time-gcc-mt  >&5
/usr/bin/ld: cannot find -lboost_date_time-gcc-mt
collect2: ld returned 1 exit status
configure:16319: $? = 1
configure:16304: re-using the existing conftest.o
configure:16310: c++ -o conftest -g -O2    -L/lib64 conftest.o -lboost_date_time-gcc-mt  >&5
/usr/bin/ld: cannot find -lboost_date_time-gcc-mt
collect2: ld returned 1 exit status
configure:16319: $? = 1
configure:16304: re-using the existing conftest.o
configure:16310: c++ -o conftest -g -O2    -L/usr/local/lib conftest.o -lboost_date_time-gcc  >&5
/usr/bin/ld: cannot find -lboost_date_time-gcc
collect2: ld returned 1 exit status
configure:16319: $? = 1
configure:16304: re-using the existing conftest.o
configure:16310: c++ -o conftest -g -O2    -L/usr/lib conftest.o -lboost_date_time-gcc  >&5
/usr/bin/ld: cannot find -lboost_date_time-gcc
collect2: ld returned 1 exit status
configure:16319: $? = 1
configure:16304: re-using the existing conftest.o
configure:16310: c++ -o conftest -g -O2    -L/usr/lib32 conftest.o -lboost_date_time-gcc  >&5
/usr/bin/ld: cannot find -lboost_date_time-gcc
collect2: ld returned 1 exit status
configure:16319: $? = 1
configure:16304: re-using the existing conftest.o
configure:16310: c++ -o conftest -g -O2    -L/lib conftest.o -lboost_date_time-gcc  >&5
/usr/bin/ld: cannot find -lboost_date_time-gcc
collect2: ld returned 1 exit status
configure:16319: $? = 1
configure:16304: re-using the existing conftest.o
configure:16310: c++ -o conftest -g -O2    -L/lib32 conftest.o -lboost_date_time-gcc  >&5
/usr/bin/ld: cannot find -lboost_date_time-gcc
collect2: ld returned 1 exit status
configure:16319: $? = 1
configure:16304: re-using the existing conftest.o
configure:16310: c++ -o conftest -g -O2    -L/lib64 conftest.o -lboost_date_time-gcc  >&5
/usr/bin/ld: cannot find -lboost_date_time-gcc
collect2: ld returned 1 exit status
configure:16319: $? = 1
configure:16304: re-using the existing conftest.o
configure:16310: c++ -o conftest -g -O2    -L/usr/local/lib conftest.o -lboost_date_time-gcc-mt-d  >&5
/usr/bin/ld: cannot find -lboost_date_time-gcc-mt-d
collect2: ld returned 1 exit status
configure:16319: $? = 1
configure:16304: re-using the existing conftest.o
configure:16310: c++ -o conftest -g -O2    -L/usr/lib conftest.o -lboost_date_time-gcc-mt-d  >&5
/usr/bin/ld: cannot find -lboost_date_time-gcc-mt-d
collect2: ld returned 1 exit status
configure:16319: $? = 1
configure:16304: re-using the existing conftest.o
configure:16310: c++ -o conftest -g -O2    -L/usr/lib32 conftest.o -lboost_date_time-gcc-mt-d  >&5
/usr/bin/ld: cannot find -lboost_date_time-gcc-mt-d
collect2: ld returned 1 exit status
configure:16319: $? = 1
configure:16304: re-using the existing conftest.o
configure:16310: c++ -o conftest -g -O2    -L/lib conftest.o -lboost_date_time-gcc-mt-d  >&5
/usr/bin/ld: cannot find -lboost_date_time-gcc-mt-d
collect2: ld returned 1 exit status
configure:16319: $? = 1
configure:16304: re-using the existing conftest.o
configure:16310: c++ -o conftest -g -O2    -L/lib32 conftest.o -lboost_date_time-gcc-mt-d  >&5
/usr/bin/ld: cannot find -lboost_date_time-gcc-mt-d
collect2: ld returned 1 exit status
configure:16319: $? = 1
configure:16304: re-using the existing conftest.o
configure:16310: c++ -o conftest -g -O2    -L/lib64 conftest.o -lboost_date_time-gcc-mt-d  >&5
/usr/bin/ld: cannot find -lboost_date_time-gcc-mt-d
collect2: ld returned 1 exit status
configure:16319: $? = 1
configure:16304: re-using the existing conftest.o
configure:16310: c++ -o conftest -g -O2    -L/usr/local/lib conftest.o -lboost_date_time-gcc-d  >&5
/usr/bin/ld: cannot find -lboost_date_time-gcc-d
collect2: ld returned 1 exit status
configure:16319: $? = 1
configure:16304: re-using the existing conftest.o
configure:16310: c++ -o conftest -g -O2    -L/usr/lib conftest.o -lboost_date_time-gcc-d  >&5
/usr/bin/ld: cannot find -lboost_date_time-gcc-d
collect2: ld returned 1 exit status
configure:16319: $? = 1
configure:16304: re-using the existing conftest.o
configure:16310: c++ -o conftest -g -O2    -L/usr/lib32 conftest.o -lboost_date_time-gcc-d  >&5
/usr/bin/ld: cannot find -lboost_date_time-gcc-d
collect2: ld returned 1 exit status
configure:16319: $? = 1
configure:16304: re-using the existing conftest.o
configure:16310: c++ -o conftest -g -O2    -L/lib conftest.o -lboost_date_time-gcc-d  >&5
/usr/bin/ld: cannot find -lboost_date_time-gcc-d
collect2: ld returned 1 exit status
configure:16319: $? = 1
configure:16304: re-using the existing conftest.o
configure:16310: c++ -o conftest -g -O2    -L/lib32 conftest.o -lboost_date_time-gcc-d  >&5
/usr/bin/ld: cannot find -lboost_date_time-gcc-d
collect2: ld returned 1 exit status
configure:16319: $? = 1
configure:16304: re-using the existing conftest.o
configure:16310: c++ -o conftest -g -O2    -L/lib64 conftest.o -lboost_date_time-gcc-d  >&5
/usr/bin/ld: cannot find -lboost_date_time-gcc-d
collect2: ld returned 1 exit status
configure:16319: $? = 1
configure:16304: re-using the existing conftest.o
configure:16310: c++ -o conftest -g -O2    -L/usr/local/lib conftest.o -lboost_date_time-mt-1_46_1  >&5
/usr/bin/ld: cannot find -lboost_date_time-mt-1_46_1
collect2: ld returned 1 exit status
configure:16319: $? = 1
configure:16304: re-using the existing conftest.o
configure:16310: c++ -o conftest -g -O2    -L/usr/lib conftest.o -lboost_date_time-mt-1_46_1  >&5
/usr/bin/ld: cannot find -lboost_date_time-mt-1_46_1
collect2: ld returned 1 exit status
configure:16319: $? = 1
configure:16304: re-using the existing conftest.o
configure:16310: c++ -o conftest -g -O2    -L/usr/lib32 conftest.o -lboost_date_time-mt-1_46_1  >&5
/usr/bin/ld: cannot find -lboost_date_time-mt-1_46_1
collect2: ld returned 1 exit status
configure:16319: $? = 1
configure:16304: re-using the existing conftest.o
configure:16310: c++ -o conftest -g -O2    -L/lib conftest.o -lboost_date_time-mt-1_46_1  >&5
/usr/bin/ld: cannot find -lboost_date_time-mt-1_46_1
collect2: ld returned 1 exit status
configure:16319: $? = 1
configure:16304: re-using the existing conftest.o
configure:16310: c++ -o conftest -g -O2    -L/lib32 conftest.o -lboost_date_time-mt-1_46_1  >&5
/usr/bin/ld: cannot find -lboost_date_time-mt-1_46_1
collect2: ld returned 1 exit status
configure:16319: $? = 1
configure:16304: re-using the existing conftest.o
configure:16310: c++ -o conftest -g -O2    -L/lib64 conftest.o -lboost_date_time-mt-1_46_1  >&5
/usr/bin/ld: cannot find -lboost_date_time-mt-1_46_1
collect2: ld returned 1 exit status
configure:16319: $? = 1
configure:16304: re-using the existing conftest.o
configure:16310: c++ -o conftest -g -O2    -L/usr/local/lib conftest.o -lboost_date_time-1_46_1  >&5
/usr/bin/ld: cannot find -lboost_date_time-1_46_1
collect2: ld returned 1 exit status
configure:16319: $? = 1
configure:16304: re-using the existing conftest.o
configure:16310: c++ -o conftest -g -O2    -L/usr/lib conftest.o -lboost_date_time-1_46_1  >&5
/usr/bin/ld: cannot find -lboost_date_time-1_46_1
collect2: ld returned 1 exit status
configure:16319: $? = 1
configure:16304: re-using the existing conftest.o
configure:16310: c++ -o conftest -g -O2    -L/usr/lib32 conftest.o -lboost_date_time-1_46_1  >&5
/usr/bin/ld: cannot find -lboost_date_time-1_46_1
collect2: ld returned 1 exit status
configure:16319: $? = 1
configure:16304: re-using the existing conftest.o
configure:16310: c++ -o conftest -g -O2    -L/lib conftest.o -lboost_date_time-1_46_1  >&5
/usr/bin/ld: cannot find -lboost_date_time-1_46_1
collect2: ld returned 1 exit status
configure:16319: $? = 1
configure:16304: re-using the existing conftest.o
configure:16310: c++ -o conftest -g -O2    -L/lib32 conftest.o -lboost_date_time-1_46_1  >&5
/usr/bin/ld: cannot find -lboost_date_time-1_46_1
collect2: ld returned 1 exit status
configure:16319: $? = 1
configure:16304: re-using the existing conftest.o
configure:16310: c++ -o conftest -g -O2    -L/lib64 conftest.o -lboost_date_time-1_46_1  >&5
/usr/bin/ld: cannot find -lboost_date_time-1_46_1
collect2: ld returned 1 exit status
configure:16319: $? = 1
configure:16304: re-using the existing conftest.o
configure:16310: c++ -o conftest -g -O2    -L/usr/local/lib conftest.o -lboost_date_time-mt-d-1_46_1  >&5
/usr/bin/ld: cannot find -lboost_date_time-mt-d-1_46_1
collect2: ld returned 1 exit status
configure:16319: $? = 1
configure:16304: re-using the existing conftest.o
configure:16310: c++ -o conftest -g -O2    -L/usr/lib conftest.o -lboost_date_time-mt-d-1_46_1  >&5
/usr/bin/ld: cannot find -lboost_date_time-mt-d-1_46_1
collect2: ld returned 1 exit status
configure:16319: $? = 1
configure:16304: re-using the existing conftest.o
configure:16310: c++ -o conftest -g -O2    -L/usr/lib32 conftest.o -lboost_date_time-mt-d-1_46_1  >&5
/usr/bin/ld: cannot find -lboost_date_time-mt-d-1_46_1
collect2: ld returned 1 exit status
configure:16319: $? = 1
configure:16304: re-using the existing conftest.o
configure:16310: c++ -o conftest -g -O2    -L/lib conftest.o -lboost_date_time-mt-d-1_46_1  >&5
/usr/bin/ld: cannot find -lboost_date_time-mt-d-1_46_1
collect2: ld returned 1 exit status
configure:16319: $? = 1
configure:16304: re-using the existing conftest.o
configure:16310: c++ -o conftest -g -O2    -L/lib32 conftest.o -lboost_date_time-mt-d-1_46_1  >&5
/usr/bin/ld: cannot find -lboost_date_time-mt-d-1_46_1
collect2: ld returned 1 exit status
configure:16319: $? = 1
configure:16304: re-using the existing conftest.o
configure:16310: c++ -o conftest -g -O2    -L/lib64 conftest.o -lboost_date_time-mt-d-1_46_1  >&5
/usr/bin/ld: cannot find -lboost_date_time-mt-d-1_46_1
collect2: ld returned 1 exit status
configure:16319: $? = 1
configure:16304: re-using the existing conftest.o
configure:16310: c++ -o conftest -g -O2    -L/usr/local/lib conftest.o -lboost_date_time-d-1_46_1  >&5
/usr/bin/ld: cannot find -lboost_date_time-d-1_46_1
collect2: ld returned 1 exit status
configure:16319: $? = 1
configure:16304: re-using the existing conftest.o
configure:16310: c++ -o conftest -g -O2    -L/usr/lib conftest.o -lboost_date_time-d-1_46_1  >&5
/usr/bin/ld: cannot find -lboost_date_time-d-1_46_1
collect2: ld returned 1 exit status
configure:16319: $? = 1
configure:16304: re-using the existing conftest.o
configure:16310: c++ -o conftest -g -O2    -L/usr/lib32 conftest.o -lboost_date_time-d-1_46_1  >&5
/usr/bin/ld: cannot find -lboost_date_time-d-1_46_1
collect2: ld returned 1 exit status
configure:16319: $? = 1
configure:16304: re-using the existing conftest.o
configure:16310: c++ -o conftest -g -O2    -L/lib conftest.o -lboost_date_time-d-1_46_1  >&5
/usr/bin/ld: cannot find -lboost_date_time-d-1_46_1
collect2: ld returned 1 exit status
configure:16319: $? = 1
configure:16304: re-using the existing conftest.o
configure:16310: c++ -o conftest -g -O2    -L/lib32 conftest.o -lboost_date_time-d-1_46_1  >&5
/usr/bin/ld: cannot find -lboost_date_time-d-1_46_1
collect2: ld returned 1 exit status
configure:16319: $? = 1
configure:16304: re-using the existing conftest.o
configure:16310: c++ -o conftest -g -O2    -L/lib64 conftest.o -lboost_date_time-d-1_46_1  >&5
/usr/bin/ld: cannot find -lboost_date_time-d-1_46_1
collect2: ld returned 1 exit status
configure:16319: $? = 1
configure:16304: re-using the existing conftest.o
configure:16310: c++ -o conftest -g -O2    -L/usr/local/lib conftest.o -lboost_date_time-mt  >&5
configure:16319: $? = 0
configure:16359: result: yes
configure:16402: checking boost/program_options.hpp usability
configure:16402: c++ -c -g -O2   conftest.cpp >&5
configure:16402: $? = 0
configure:16402: result: yes
configure:16402: checking boost/program_options.hpp presence
configure:16402: c++ -E   conftest.cpp
configure:16402: $? = 0
configure:16402: result: yes
configure:16402: checking for boost/program_options.hpp
configure:16402: result: yes
configure:16429: checking for the Boost program_options library
configure:16471: c++ -c -g -O2   conftest.cpp >&5
configure:16471: $? = 0
configure:16522: re-using the existing conftest.o
configure:16528: c++ -o conftest -g -O2    -L/usr/local/lib conftest.o -lboost_program_options-gcc46-mt-1_46_1  >&5
/usr/bin/ld: cannot find -lboost_program_options-gcc46-mt-1_46_1
collect2: ld returned 1 exit status
configure:16537: $? = 1
configure:16522: re-using the existing conftest.o
configure:16528: c++ -o conftest -g -O2    -L/usr/lib conftest.o -lboost_program_options-gcc46-mt-1_46_1  >&5
/usr/bin/ld: cannot find -lboost_program_options-gcc46-mt-1_46_1
collect2: ld returned 1 exit status
configure:16537: $? = 1
configure:16522: re-using the existing conftest.o
configure:16528: c++ -o conftest -g -O2    -L/usr/lib32 conftest.o -lboost_program_options-gcc46-mt-1_46_1  >&5
/usr/bin/ld: cannot find -lboost_program_options-gcc46-mt-1_46_1
collect2: ld returned 1 exit status
configure:16537: $? = 1
configure:16522: re-using the existing conftest.o
configure:16528: c++ -o conftest -g -O2    -L/lib conftest.o -lboost_program_options-gcc46-mt-1_46_1  >&5
/usr/bin/ld: cannot find -lboost_program_options-gcc46-mt-1_46_1
collect2: ld returned 1 exit status
configure:16537: $? = 1
configure:16522: re-using the existing conftest.o
configure:16528: c++ -o conftest -g -O2    -L/lib32 conftest.o -lboost_program_options-gcc46-mt-1_46_1  >&5
/usr/bin/ld: cannot find -lboost_program_options-gcc46-mt-1_46_1
collect2: ld returned 1 exit status
configure:16537: $? = 1
configure:16522: re-using the existing conftest.o
configure:16528: c++ -o conftest -g -O2    -L/lib64 conftest.o -lboost_program_options-gcc46-mt-1_46_1  >&5
/usr/bin/ld: cannot find -lboost_program_options-gcc46-mt-1_46_1
collect2: ld returned 1 exit status
configure:16537: $? = 1
configure:16522: re-using the existing conftest.o
configure:16528: c++ -o conftest -g -O2    -L/usr/local/lib conftest.o -lboost_program_options-gcc46-1_46_1  >&5
/usr/bin/ld: cannot find -lboost_program_options-gcc46-1_46_1
collect2: ld returned 1 exit status
configure:16537: $? = 1
configure:16522: re-using the existing conftest.o
configure:16528: c++ -o conftest -g -O2    -L/usr/lib conftest.o -lboost_program_options-gcc46-1_46_1  >&5
/usr/bin/ld: cannot find -lboost_program_options-gcc46-1_46_1
collect2: ld returned 1 exit status
configure:16537: $? = 1
configure:16522: re-using the existing conftest.o
configure:16528: c++ -o conftest -g -O2    -L/usr/lib32 conftest.o -lboost_program_options-gcc46-1_46_1  >&5
/usr/bin/ld: cannot find -lboost_program_options-gcc46-1_46_1
collect2: ld returned 1 exit status
configure:16537: $? = 1
configure:16522: re-using the existing conftest.o
configure:16528: c++ -o conftest -g -O2    -L/lib conftest.o -lboost_program_options-gcc46-1_46_1  >&5
/usr/bin/ld: cannot find -lboost_program_options-gcc46-1_46_1
collect2: ld returned 1 exit status
configure:16537: $? = 1
configure:16522: re-using the existing conftest.o
configure:16528: c++ -o conftest -g -O2    -L/lib32 conftest.o -lboost_program_options-gcc46-1_46_1  >&5
/usr/bin/ld: cannot find -lboost_program_options-gcc46-1_46_1
collect2: ld returned 1 exit status
configure:16537: $? = 1
configure:16522: re-using the existing conftest.o
configure:16528: c++ -o conftest -g -O2    -L/lib64 conftest.o -lboost_program_options-gcc46-1_46_1  >&5
/usr/bin/ld: cannot find -lboost_program_options-gcc46-1_46_1
collect2: ld returned 1 exit status
configure:16537: $? = 1
configure:16522: re-using the existing conftest.o
configure:16528: c++ -o conftest -g -O2    -L/usr/local/lib conftest.o -lboost_program_options-gcc46-mt-d-1_46_1  >&5
/usr/bin/ld: cannot find -lboost_program_options-gcc46-mt-d-1_46_1
collect2: ld returned 1 exit status
configure:16537: $? = 1
configure:16522: re-using the existing conftest.o
configure:16528: c++ -o conftest -g -O2    -L/usr/lib conftest.o -lboost_program_options-gcc46-mt-d-1_46_1  >&5
/usr/bin/ld: cannot find -lboost_program_options-gcc46-mt-d-1_46_1
collect2: ld returned 1 exit status
configure:16537: $? = 1
configure:16522: re-using the existing conftest.o
configure:16528: c++ -o conftest -g -O2    -L/usr/lib32 conftest.o -lboost_program_options-gcc46-mt-d-1_46_1  >&5
/usr/bin/ld: cannot find -lboost_program_options-gcc46-mt-d-1_46_1
collect2: ld returned 1 exit status
configure:16537: $? = 1
configure:16522: re-using the existing conftest.o
configure:16528: c++ -o conftest -g -O2    -L/lib conftest.o -lboost_program_options-gcc46-mt-d-1_46_1  >&5
/usr/bin/ld: cannot find -lboost_program_options-gcc46-mt-d-1_46_1
collect2: ld returned 1 exit status
configure:16537: $? = 1
configure:16522: re-using the existing conftest.o
configure:16528: c++ -o conftest -g -O2    -L/lib32 conftest.o -lboost_program_options-gcc46-mt-d-1_46_1  >&5
/usr/bin/ld: cannot find -lboost_program_options-gcc46-mt-d-1_46_1
collect2: ld returned 1 exit status
configure:16537: $? = 1
configure:16522: re-using the existing conftest.o
configure:16528: c++ -o conftest -g -O2    -L/lib64 conftest.o -lboost_program_options-gcc46-mt-d-1_46_1  >&5
/usr/bin/ld: cannot find -lboost_program_options-gcc46-mt-d-1_46_1
collect2: ld returned 1 exit status
configure:16537: $? = 1
configure:16522: re-using the existing conftest.o
configure:16528: c++ -o conftest -g -O2    -L/usr/local/lib conftest.o -lboost_program_options-gcc46-d-1_46_1  >&5
/usr/bin/ld: cannot find -lboost_program_options-gcc46-d-1_46_1
collect2: ld returned 1 exit status
configure:16537: $? = 1
configure:16522: re-using the existing conftest.o
configure:16528: c++ -o conftest -g -O2    -L/usr/lib conftest.o -lboost_program_options-gcc46-d-1_46_1  >&5
/usr/bin/ld: cannot find -lboost_program_options-gcc46-d-1_46_1
collect2: ld returned 1 exit status
configure:16537: $? = 1
configure:16522: re-using the existing conftest.o
configure:16528: c++ -o conftest -g -O2    -L/usr/lib32 conftest.o -lboost_program_options-gcc46-d-1_46_1  >&5
/usr/bin/ld: cannot find -lboost_program_options-gcc46-d-1_46_1
collect2: ld returned 1 exit status
configure:16537: $? = 1
configure:16522: re-using the existing conftest.o
configure:16528: c++ -o conftest -g -O2    -L/lib conftest.o -lboost_program_options-gcc46-d-1_46_1  >&5
/usr/bin/ld: cannot find -lboost_program_options-gcc46-d-1_46_1
collect2: ld returned 1 exit status
configure:16537: $? = 1
configure:16522: re-using the existing conftest.o
configure:16528: c++ -o conftest -g -O2    -L/lib32 conftest.o -lboost_program_options-gcc46-d-1_46_1  >&5
/usr/bin/ld: cannot find -lboost_program_options-gcc46-d-1_46_1
collect2: ld returned 1 exit status
configure:16537: $? = 1
configure:16522: re-using the existing conftest.o
configure:16528: c++ -o conftest -g -O2    -L/lib64 conftest.o -lboost_program_options-gcc46-d-1_46_1  >&5
/usr/bin/ld: cannot find -lboost_program_options-gcc46-d-1_46_1
collect2: ld returned 1 exit status
configure:16537: $? = 1
configure:16522: re-using the existing conftest.o
configure:16528: c++ -o conftest -g -O2    -L/usr/local/lib conftest.o -lboost_program_options-gcc46-mt  >&5
/usr/bin/ld: cannot find -lboost_program_options-gcc46-mt
collect2: ld returned 1 exit status
configure:16537: $? = 1
configure:16522: re-using the existing conftest.o
configure:16528: c++ -o conftest -g -O2    -L/usr/lib conftest.o -lboost_program_options-gcc46-mt  >&5
/usr/bin/ld: cannot find -lboost_program_options-gcc46-mt
collect2: ld returned 1 exit status
configure:16537: $? = 1
configure:16522: re-using the existing conftest.o
configure:16528: c++ -o conftest -g -O2    -L/usr/lib32 conftest.o -lboost_program_options-gcc46-mt  >&5
/usr/bin/ld: cannot find -lboost_program_options-gcc46-mt
collect2: ld returned 1 exit status
configure:16537: $? = 1
configure:16522: re-using the existing conftest.o
configure:16528: c++ -o conftest -g -O2    -L/lib conftest.o -lboost_program_options-gcc46-mt  >&5
/usr/bin/ld: cannot find -lboost_program_options-gcc46-mt
collect2: ld returned 1 exit status
configure:16537: $? = 1
configure:16522: re-using the existing conftest.o
configure:16528: c++ -o conftest -g -O2    -L/lib32 conftest.o -lboost_program_options-gcc46-mt  >&5
/usr/bin/ld: cannot find -lboost_program_options-gcc46-mt
collect2: ld returned 1 exit status
configure:16537: $? = 1
configure:16522: re-using the existing conftest.o
configure:16528: c++ -o conftest -g -O2    -L/lib64 conftest.o -lboost_program_options-gcc46-mt  >&5
/usr/bin/ld: cannot find -lboost_program_options-gcc46-mt
collect2: ld returned 1 exit status
configure:16537: $? = 1
configure:16522: re-using the existing conftest.o
configure:16528: c++ -o conftest -g -O2    -L/usr/local/lib conftest.o -lboost_program_options-gcc46  >&5
/usr/bin/ld: cannot find -lboost_program_options-gcc46
collect2: ld returned 1 exit status
configure:16537: $? = 1
configure:16522: re-using the existing conftest.o
configure:16528: c++ -o conftest -g -O2    -L/usr/lib conftest.o -lboost_program_options-gcc46  >&5
/usr/bin/ld: cannot find -lboost_program_options-gcc46
collect2: ld returned 1 exit status
configure:16537: $? = 1
configure:16522: re-using the existing conftest.o
configure:16528: c++ -o conftest -g -O2    -L/usr/lib32 conftest.o -lboost_program_options-gcc46  >&5
/usr/bin/ld: cannot find -lboost_program_options-gcc46
collect2: ld returned 1 exit status
configure:16537: $? = 1
configure:16522: re-using the existing conftest.o
configure:16528: c++ -o conftest -g -O2    -L/lib conftest.o -lboost_program_options-gcc46  >&5
/usr/bin/ld: cannot find -lboost_program_options-gcc46
collect2: ld returned 1 exit status
configure:16537: $? = 1
configure:16522: re-using the existing conftest.o
configure:16528: c++ -o conftest -g -O2    -L/lib32 conftest.o -lboost_program_options-gcc46  >&5
/usr/bin/ld: cannot find -lboost_program_options-gcc46
collect2: ld returned 1 exit status
configure:16537: $? = 1
configure:16522: re-using the existing conftest.o
configure:16528: c++ -o conftest -g -O2    -L/lib64 conftest.o -lboost_program_options-gcc46  >&5
/usr/bin/ld: cannot find -lboost_program_options-gcc46
collect2: ld returned 1 exit status
configure:16537: $? = 1
configure:16522: re-using the existing conftest.o
configure:16528: c++ -o conftest -g -O2    -L/usr/local/lib conftest.o -lboost_program_options-gcc46-mt-d  >&5
/usr/bin/ld: cannot find -lboost_program_options-gcc46-mt-d
collect2: ld returned 1 exit status
configure:16537: $? = 1
configure:16522: re-using the existing conftest.o
configure:16528: c++ -o conftest -g -O2    -L/usr/lib conftest.o -lboost_program_options-gcc46-mt-d  >&5
/usr/bin/ld: cannot find -lboost_program_options-gcc46-mt-d
collect2: ld returned 1 exit status
configure:16537: $? = 1
configure:16522: re-using the existing conftest.o
configure:16528: c++ -o conftest -g -O2    -L/usr/lib32 conftest.o -lboost_program_options-gcc46-mt-d  >&5
/usr/bin/ld: cannot find -lboost_program_options-gcc46-mt-d
collect2: ld returned 1 exit status
configure:16537: $? = 1
configure:16522: re-using the existing conftest.o
configure:16528: c++ -o conftest -g -O2    -L/lib conftest.o -lboost_program_options-gcc46-mt-d  >&5
/usr/bin/ld: cannot find -lboost_program_options-gcc46-mt-d
collect2: ld returned 1 exit status
configure:16537: $? = 1
configure:16522: re-using the existing conftest.o
configure:16528: c++ -o conftest -g -O2    -L/lib32 conftest.o -lboost_program_options-gcc46-mt-d  >&5
/usr/bin/ld: cannot find -lboost_program_options-gcc46-mt-d
collect2: ld returned 1 exit status
configure:16537: $? = 1
configure:16522: re-using the existing conftest.o
configure:16528: c++ -o conftest -g -O2    -L/lib64 conftest.o -lboost_program_options-gcc46-mt-d  >&5
/usr/bin/ld: cannot find -lboost_program_options-gcc46-mt-d
collect2: ld returned 1 exit status
configure:16537: $? = 1
configure:16522: re-using the existing conftest.o
configure:16528: c++ -o conftest -g -O2    -L/usr/local/lib conftest.o -lboost_program_options-gcc46-d  >&5
/usr/bin/ld: cannot find -lboost_program_options-gcc46-d
collect2: ld returned 1 exit status
configure:16537: $? = 1
configure:16522: re-using the existing conftest.o
configure:16528: c++ -o conftest -g -O2    -L/usr/lib conftest.o -lboost_program_options-gcc46-d  >&5
/usr/bin/ld: cannot find -lboost_program_options-gcc46-d
collect2: ld returned 1 exit status
configure:16537: $? = 1
configure:16522: re-using the existing conftest.o
configure:16528: c++ -o conftest -g -O2    -L/usr/lib32 conftest.o -lboost_program_options-gcc46-d  >&5
/usr/bin/ld: cannot find -lboost_program_options-gcc46-d
collect2: ld returned 1 exit status
configure:16537: $? = 1
configure:16522: re-using the existing conftest.o
configure:16528: c++ -o conftest -g -O2    -L/lib conftest.o -lboost_program_options-gcc46-d  >&5
/usr/bin/ld: cannot find -lboost_program_options-gcc46-d
collect2: ld returned 1 exit status
configure:16537: $? = 1
configure:16522: re-using the existing conftest.o
configure:16528: c++ -o conftest -g -O2    -L/lib32 conftest.o -lboost_program_options-gcc46-d  >&5
/usr/bin/ld: cannot find -lboost_program_options-gcc46-d
collect2: ld returned 1 exit status
configure:16537: $? = 1
configure:16522: re-using the existing conftest.o
configure:16528: c++ -o conftest -g -O2    -L/lib64 conftest.o -lboost_program_options-gcc46-d  >&5
/usr/bin/ld: cannot find -lboost_program_options-gcc46-d
collect2: ld returned 1 exit status
configure:16537: $? = 1
configure:16522: re-using the existing conftest.o
configure:16528: c++ -o conftest -g -O2    -L/usr/local/lib conftest.o -lboost_program_options-gcc-mt-1_46_1  >&5
/usr/bin/ld: cannot find -lboost_program_options-gcc-mt-1_46_1
collect2: ld returned 1 exit status
configure:16537: $? = 1
configure:16522: re-using the existing conftest.o
configure:16528: c++ -o conftest -g -O2    -L/usr/lib conftest.o -lboost_program_options-gcc-mt-1_46_1  >&5
/usr/bin/ld: cannot find -lboost_program_options-gcc-mt-1_46_1
collect2: ld returned 1 exit status
configure:16537: $? = 1
configure:16522: re-using the existing conftest.o
configure:16528: c++ -o conftest -g -O2    -L/usr/lib32 conftest.o -lboost_program_options-gcc-mt-1_46_1  >&5
/usr/bin/ld: cannot find -lboost_program_options-gcc-mt-1_46_1
collect2: ld returned 1 exit status
configure:16537: $? = 1
configure:16522: re-using the existing conftest.o
configure:16528: c++ -o conftest -g -O2    -L/lib conftest.o -lboost_program_options-gcc-mt-1_46_1  >&5
/usr/bin/ld: cannot find -lboost_program_options-gcc-mt-1_46_1
collect2: ld returned 1 exit status
configure:16537: $? = 1
configure:16522: re-using the existing conftest.o
configure:16528: c++ -o conftest -g -O2    -L/lib32 conftest.o -lboost_program_options-gcc-mt-1_46_1  >&5
/usr/bin/ld: cannot find -lboost_program_options-gcc-mt-1_46_1
collect2: ld returned 1 exit status
configure:16537: $? = 1
configure:16522: re-using the existing conftest.o
configure:16528: c++ -o conftest -g -O2    -L/lib64 conftest.o -lboost_program_options-gcc-mt-1_46_1  >&5
/usr/bin/ld: cannot find -lboost_program_options-gcc-mt-1_46_1
collect2: ld returned 1 exit status
configure:16537: $? = 1
configure:16522: re-using the existing conftest.o
configure:16528: c++ -o conftest -g -O2    -L/usr/local/lib conftest.o -lboost_program_options-gcc-1_46_1  >&5
/usr/bin/ld: cannot find -lboost_program_options-gcc-1_46_1
collect2: ld returned 1 exit status
configure:16537: $? = 1
configure:16522: re-using the existing conftest.o
configure:16528: c++ -o conftest -g -O2    -L/usr/lib conftest.o -lboost_program_options-gcc-1_46_1  >&5
/usr/bin/ld: cannot find -lboost_program_options-gcc-1_46_1
collect2: ld returned 1 exit status
configure:16537: $? = 1
configure:16522: re-using the existing conftest.o
configure:16528: c++ -o conftest -g -O2    -L/usr/lib32 conftest.o -lboost_program_options-gcc-1_46_1  >&5
/usr/bin/ld: cannot find -lboost_program_options-gcc-1_46_1
collect2: ld returned 1 exit status
configure:16537: $? = 1
configure:16522: re-using the existing conftest.o
configure:16528: c++ -o conftest -g -O2    -L/lib conftest.o -lboost_program_options-gcc-1_46_1  >&5
/usr/bin/ld: cannot find -lboost_program_options-gcc-1_46_1
collect2: ld returned 1 exit status
configure:16537: $? = 1
configure:16522: re-using the existing conftest.o
configure:16528: c++ -o conftest -g -O2    -L/lib32 conftest.o -lboost_program_options-gcc-1_46_1  >&5
/usr/bin/ld: cannot find -lboost_program_options-gcc-1_46_1
collect2: ld returned 1 exit status
configure:16537: $? = 1
configure:16522: re-using the existing conftest.o
configure:16528: c++ -o conftest -g -O2    -L/lib64 conftest.o -lboost_program_options-gcc-1_46_1  >&5
/usr/bin/ld: cannot find -lboost_program_options-gcc-1_46_1
collect2: ld returned 1 exit status
configure:16537: $? = 1
configure:16522: re-using the existing conftest.o
configure:16528: c++ -o conftest -g -O2    -L/usr/local/lib conftest.o -lboost_program_options-gcc-mt-d-1_46_1  >&5
/usr/bin/ld: cannot find -lboost_program_options-gcc-mt-d-1_46_1
collect2: ld returned 1 exit status
configure:16537: $? = 1
configure:16522: re-using the existing conftest.o
configure:16528: c++ -o conftest -g -O2    -L/usr/lib conftest.o -lboost_program_options-gcc-mt-d-1_46_1  >&5
/usr/bin/ld: cannot find -lboost_program_options-gcc-mt-d-1_46_1
collect2: ld returned 1 exit status
configure:16537: $? = 1
configure:16522: re-using the existing conftest.o
configure:16528: c++ -o conftest -g -O2    -L/usr/lib32 conftest.o -lboost_program_options-gcc-mt-d-1_46_1  >&5
/usr/bin/ld: cannot find -lboost_program_options-gcc-mt-d-1_46_1
collect2: ld returned 1 exit status
configure:16537: $? = 1
configure:16522: re-using the existing conftest.o
configure:16528: c++ -o conftest -g -O2    -L/lib conftest.o -lboost_program_options-gcc-mt-d-1_46_1  >&5
/usr/bin/ld: cannot find -lboost_program_options-gcc-mt-d-1_46_1
collect2: ld returned 1 exit status
configure:16537: $? = 1
configure:16522: re-using the existing conftest.o
configure:16528: c++ -o conftest -g -O2    -L/lib32 conftest.o -lboost_program_options-gcc-mt-d-1_46_1  >&5
/usr/bin/ld: cannot find -lboost_program_options-gcc-mt-d-1_46_1
collect2: ld returned 1 exit status
configure:16537: $? = 1
configure:16522: re-using the existing conftest.o
configure:16528: c++ -o conftest -g -O2    -L/lib64 conftest.o -lboost_program_options-gcc-mt-d-1_46_1  >&5
/usr/bin/ld: cannot find -lboost_program_options-gcc-mt-d-1_46_1
collect2: ld returned 1 exit status
configure:16537: $? = 1
configure:16522: re-using the existing conftest.o
configure:16528: c++ -o conftest -g -O2    -L/usr/local/lib conftest.o -lboost_program_options-gcc-d-1_46_1  >&5
/usr/bin/ld: cannot find -lboost_program_options-gcc-d-1_46_1
collect2: ld returned 1 exit status
configure:16537: $? = 1
configure:16522: re-using the existing conftest.o
configure:16528: c++ -o conftest -g -O2    -L/usr/lib conftest.o -lboost_program_options-gcc-d-1_46_1  >&5
/usr/bin/ld: cannot find -lboost_program_options-gcc-d-1_46_1
collect2: ld returned 1 exit status
configure:16537: $? = 1
configure:16522: re-using the existing conftest.o
configure:16528: c++ -o conftest -g -O2    -L/usr/lib32 conftest.o -lboost_program_options-gcc-d-1_46_1  >&5
/usr/bin/ld: cannot find -lboost_program_options-gcc-d-1_46_1
collect2: ld returned 1 exit status
configure:16537: $? = 1
configure:16522: re-using the existing conftest.o
configure:16528: c++ -o conftest -g -O2    -L/lib conftest.o -lboost_program_options-gcc-d-1_46_1  >&5
/usr/bin/ld: cannot find -lboost_program_options-gcc-d-1_46_1
collect2: ld returned 1 exit status
configure:16537: $? = 1
configure:16522: re-using the existing conftest.o
configure:16528: c++ -o conftest -g -O2    -L/lib32 conftest.o -lboost_program_options-gcc-d-1_46_1  >&5
/usr/bin/ld: cannot find -lboost_program_options-gcc-d-1_46_1
collect2: ld returned 1 exit status
configure:16537: $? = 1
configure:16522: re-using the existing conftest.o
configure:16528: c++ -o conftest -g -O2    -L/lib64 conftest.o -lboost_program_options-gcc-d-1_46_1  >&5
/usr/bin/ld: cannot find -lboost_program_options-gcc-d-1_46_1
collect2: ld returned 1 exit status
configure:16537: $? = 1
configure:16522: re-using the existing conftest.o
configure:16528: c++ -o conftest -g -O2    -L/usr/local/lib conftest.o -lboost_program_options-gcc-mt  >&5
/usr/bin/ld: cannot find -lboost_program_options-gcc-mt
collect2: ld returned 1 exit status
configure:16537: $? = 1
configure:16522: re-using the existing conftest.o
configure:16528: c++ -o conftest -g -O2    -L/usr/lib conftest.o -lboost_program_options-gcc-mt  >&5
/usr/bin/ld: cannot find -lboost_program_options-gcc-mt
collect2: ld returned 1 exit status
configure:16537: $? = 1
configure:16522: re-using the existing conftest.o
configure:16528: c++ -o conftest -g -O2    -L/usr/lib32 conftest.o -lboost_program_options-gcc-mt  >&5
/usr/bin/ld: cannot find -lboost_program_options-gcc-mt
collect2: ld returned 1 exit status
configure:16537: $? = 1
configure:16522: re-using the existing conftest.o
configure:16528: c++ -o conftest -g -O2    -L/lib conftest.o -lboost_program_options-gcc-mt  >&5
/usr/bin/ld: cannot find -lboost_program_options-gcc-mt
collect2: ld returned 1 exit status
configure:16537: $? = 1
configure:16522: re-using the existing conftest.o
configure:16528: c++ -o conftest -g -O2    -L/lib32 conftest.o -lboost_program_options-gcc-mt  >&5
/usr/bin/ld: cannot find -lboost_program_options-gcc-mt
collect2: ld returned 1 exit status
configure:16537: $? = 1
configure:16522: re-using the existing conftest.o
configure:16528: c++ -o conftest -g -O2    -L/lib64 conftest.o -lboost_program_options-gcc-mt  >&5
/usr/bin/ld: cannot find -lboost_program_options-gcc-mt
collect2: ld returned 1 exit status
configure:16537: $? = 1
configure:16522: re-using the existing conftest.o
configure:16528: c++ -o conftest -g -O2    -L/usr/local/lib conftest.o -lboost_program_options-gcc  >&5
/usr/bin/ld: cannot find -lboost_program_options-gcc
collect2: ld returned 1 exit status
configure:16537: $? = 1
configure:16522: re-using the existing conftest.o
configure:16528: c++ -o conftest -g -O2    -L/usr/lib conftest.o -lboost_program_options-gcc  >&5
/usr/bin/ld: cannot find -lboost_program_options-gcc
collect2: ld returned 1 exit status
configure:16537: $? = 1
configure:16522: re-using the existing conftest.o
configure:16528: c++ -o conftest -g -O2    -L/usr/lib32 conftest.o -lboost_program_options-gcc  >&5
/usr/bin/ld: cannot find -lboost_program_options-gcc
collect2: ld returned 1 exit status
configure:16537: $? = 1
configure:16522: re-using the existing conftest.o
configure:16528: c++ -o conftest -g -O2    -L/lib conftest.o -lboost_program_options-gcc  >&5
/usr/bin/ld: cannot find -lboost_program_options-gcc
collect2: ld returned 1 exit status
configure:16537: $? = 1
configure:16522: re-using the existing conftest.o
configure:16528: c++ -o conftest -g -O2    -L/lib32 conftest.o -lboost_program_options-gcc  >&5
/usr/bin/ld: cannot find -lboost_program_options-gcc
collect2: ld returned 1 exit status
configure:16537: $? = 1
configure:16522: re-using the existing conftest.o
configure:16528: c++ -o conftest -g -O2    -L/lib64 conftest.o -lboost_program_options-gcc  >&5
/usr/bin/ld: cannot find -lboost_program_options-gcc
collect2: ld returned 1 exit status
configure:16537: $? = 1
configure:16522: re-using the existing conftest.o
configure:16528: c++ -o conftest -g -O2    -L/usr/local/lib conftest.o -lboost_program_options-gcc-mt-d  >&5
/usr/bin/ld: cannot find -lboost_program_options-gcc-mt-d
collect2: ld returned 1 exit status
configure:16537: $? = 1
configure:16522: re-using the existing conftest.o
configure:16528: c++ -o conftest -g -O2    -L/usr/lib conftest.o -lboost_program_options-gcc-mt-d  >&5
/usr/bin/ld: cannot find -lboost_program_options-gcc-mt-d
collect2: ld returned 1 exit status
configure:16537: $? = 1
configure:16522: re-using the existing conftest.o
configure:16528: c++ -o conftest -g -O2    -L/usr/lib32 conftest.o -lboost_program_options-gcc-mt-d  >&5
/usr/bin/ld: cannot find -lboost_program_options-gcc-mt-d
collect2: ld returned 1 exit status
configure:16537: $? = 1
configure:16522: re-using the existing conftest.o
configure:16528: c++ -o conftest -g -O2    -L/lib conftest.o -lboost_program_options-gcc-mt-d  >&5
/usr/bin/ld: cannot find -lboost_program_options-gcc-mt-d
collect2: ld returned 1 exit status
configure:16537: $? = 1
configure:16522: re-using the existing conftest.o
configure:16528: c++ -o conftest -g -O2    -L/lib32 conftest.o -lboost_program_options-gcc-mt-d  >&5
/usr/bin/ld: cannot find -lboost_program_options-gcc-mt-d
collect2: ld returned 1 exit status
configure:16537: $? = 1
configure:16522: re-using the existing conftest.o
configure:16528: c++ -o conftest -g -O2    -L/lib64 conftest.o -lboost_program_options-gcc-mt-d  >&5
/usr/bin/ld: cannot find -lboost_program_options-gcc-mt-d
collect2: ld returned 1 exit status
configure:16537: $? = 1
configure:16522: re-using the existing conftest.o
configure:16528: c++ -o conftest -g -O2    -L/usr/local/lib conftest.o -lboost_program_options-gcc-d  >&5
/usr/bin/ld: cannot find -lboost_program_options-gcc-d
collect2: ld returned 1 exit status
configure:16537: $? = 1
configure:16522: re-using the existing conftest.o
configure:16528: c++ -o conftest -g -O2    -L/usr/lib conftest.o -lboost_program_options-gcc-d  >&5
/usr/bin/ld: cannot find -lboost_program_options-gcc-d
collect2: ld returned 1 exit status
configure:16537: $? = 1
configure:16522: re-using the existing conftest.o
configure:16528: c++ -o conftest -g -O2    -L/usr/lib32 conftest.o -lboost_program_options-gcc-d  >&5
/usr/bin/ld: cannot find -lboost_program_options-gcc-d
collect2: ld returned 1 exit status
configure:16537: $? = 1
configure:16522: re-using the existing conftest.o
configure:16528: c++ -o conftest -g -O2    -L/lib conftest.o -lboost_program_options-gcc-d  >&5
/usr/bin/ld: cannot find -lboost_program_options-gcc-d
collect2: ld returned 1 exit status
configure:16537: $? = 1
configure:16522: re-using the existing conftest.o
configure:16528: c++ -o conftest -g -O2    -L/lib32 conftest.o -lboost_program_options-gcc-d  >&5
/usr/bin/ld: cannot find -lboost_program_options-gcc-d
collect2: ld returned 1 exit status
configure:16537: $? = 1
configure:16522: re-using the existing conftest.o
configure:16528: c++ -o conftest -g -O2    -L/lib64 conftest.o -lboost_program_options-gcc-d  >&5
/usr/bin/ld: cannot find -lboost_program_options-gcc-d
collect2: ld returned 1 exit status
configure:16537: $? = 1
configure:16522: re-using the existing conftest.o
configure:16528: c++ -o conftest -g -O2    -L/usr/local/lib conftest.o -lboost_program_options-mt-1_46_1  >&5
/usr/bin/ld: cannot find -lboost_program_options-mt-1_46_1
collect2: ld returned 1 exit status
configure:16537: $? = 1
configure:16522: re-using the existing conftest.o
configure:16528: c++ -o conftest -g -O2    -L/usr/lib conftest.o -lboost_program_options-mt-1_46_1  >&5
/usr/bin/ld: cannot find -lboost_program_options-mt-1_46_1
collect2: ld returned 1 exit status
configure:16537: $? = 1
configure:16522: re-using the existing conftest.o
configure:16528: c++ -o conftest -g -O2    -L/usr/lib32 conftest.o -lboost_program_options-mt-1_46_1  >&5
/usr/bin/ld: cannot find -lboost_program_options-mt-1_46_1
collect2: ld returned 1 exit status
configure:16537: $? = 1
configure:16522: re-using the existing conftest.o
configure:16528: c++ -o conftest -g -O2    -L/lib conftest.o -lboost_program_options-mt-1_46_1  >&5
/usr/bin/ld: cannot find -lboost_program_options-mt-1_46_1
collect2: ld returned 1 exit status
configure:16537: $? = 1
configure:16522: re-using the existing conftest.o
configure:16528: c++ -o conftest -g -O2    -L/lib32 conftest.o -lboost_program_options-mt-1_46_1  >&5
/usr/bin/ld: cannot find -lboost_program_options-mt-1_46_1
collect2: ld returned 1 exit status
configure:16537: $? = 1
configure:16522: re-using the existing conftest.o
configure:16528: c++ -o conftest -g -O2    -L/lib64 conftest.o -lboost_program_options-mt-1_46_1  >&5
/usr/bin/ld: cannot find -lboost_program_options-mt-1_46_1
collect2: ld returned 1 exit status
configure:16537: $? = 1
configure:16522: re-using the existing conftest.o
configure:16528: c++ -o conftest -g -O2    -L/usr/local/lib conftest.o -lboost_program_options-1_46_1  >&5
/usr/bin/ld: cannot find -lboost_program_options-1_46_1
collect2: ld returned 1 exit status
configure:16537: $? = 1
configure:16522: re-using the existing conftest.o
configure:16528: c++ -o conftest -g -O2    -L/usr/lib conftest.o -lboost_program_options-1_46_1  >&5
/usr/bin/ld: cannot find -lboost_program_options-1_46_1
collect2: ld returned 1 exit status
configure:16537: $? = 1
configure:16522: re-using the existing conftest.o
configure:16528: c++ -o conftest -g -O2    -L/usr/lib32 conftest.o -lboost_program_options-1_46_1  >&5
/usr/bin/ld: cannot find -lboost_program_options-1_46_1
collect2: ld returned 1 exit status
configure:16537: $? = 1
configure:16522: re-using the existing conftest.o
configure:16528: c++ -o conftest -g -O2    -L/lib conftest.o -lboost_program_options-1_46_1  >&5
/usr/bin/ld: cannot find -lboost_program_options-1_46_1
collect2: ld returned 1 exit status
configure:16537: $? = 1
configure:16522: re-using the existing conftest.o
configure:16528: c++ -o conftest -g -O2    -L/lib32 conftest.o -lboost_program_options-1_46_1  >&5
/usr/bin/ld: cannot find -lboost_program_options-1_46_1
collect2: ld returned 1 exit status
configure:16537: $? = 1
configure:16522: re-using the existing conftest.o
configure:16528: c++ -o conftest -g -O2    -L/lib64 conftest.o -lboost_program_options-1_46_1  >&5
/usr/bin/ld: cannot find -lboost_program_options-1_46_1
collect2: ld returned 1 exit status
configure:16537: $? = 1
configure:16522: re-using the existing conftest.o
configure:16528: c++ -o conftest -g -O2    -L/usr/local/lib conftest.o -lboost_program_options-mt-d-1_46_1  >&5
/usr/bin/ld: cannot find -lboost_program_options-mt-d-1_46_1
collect2: ld returned 1 exit status
configure:16537: $? = 1
configure:16522: re-using the existing conftest.o
configure:16528: c++ -o conftest -g -O2    -L/usr/lib conftest.o -lboost_program_options-mt-d-1_46_1  >&5
/usr/bin/ld: cannot find -lboost_program_options-mt-d-1_46_1
collect2: ld returned 1 exit status
configure:16537: $? = 1
configure:16522: re-using the existing conftest.o
configure:16528: c++ -o conftest -g -O2    -L/usr/lib32 conftest.o -lboost_program_options-mt-d-1_46_1  >&5
/usr/bin/ld: cannot find -lboost_program_options-mt-d-1_46_1
collect2: ld returned 1 exit status
configure:16537: $? = 1
configure:16522: re-using the existing conftest.o
configure:16528: c++ -o conftest -g -O2    -L/lib conftest.o -lboost_program_options-mt-d-1_46_1  >&5
/usr/bin/ld: cannot find -lboost_program_options-mt-d-1_46_1
collect2: ld returned 1 exit status
configure:16537: $? = 1
configure:16522: re-using the existing conftest.o
configure:16528: c++ -o conftest -g -O2    -L/lib32 conftest.o -lboost_program_options-mt-d-1_46_1  >&5
/usr/bin/ld: cannot find -lboost_program_options-mt-d-1_46_1
collect2: ld returned 1 exit status
configure:16537: $? = 1
configure:16522: re-using the existing conftest.o
configure:16528: c++ -o conftest -g -O2    -L/lib64 conftest.o -lboost_program_options-mt-d-1_46_1  >&5
/usr/bin/ld: cannot find -lboost_program_options-mt-d-1_46_1
collect2: ld returned 1 exit status
configure:16537: $? = 1
configure:16522: re-using the existing conftest.o
configure:16528: c++ -o conftest -g -O2    -L/usr/local/lib conftest.o -lboost_program_options-d-1_46_1  >&5
/usr/bin/ld: cannot find -lboost_program_options-d-1_46_1
collect2: ld returned 1 exit status
configure:16537: $? = 1
configure:16522: re-using the existing conftest.o
configure:16528: c++ -o conftest -g -O2    -L/usr/lib conftest.o -lboost_program_options-d-1_46_1  >&5
/usr/bin/ld: cannot find -lboost_program_options-d-1_46_1
collect2: ld returned 1 exit status
configure:16537: $? = 1
configure:16522: re-using the existing conftest.o
configure:16528: c++ -o conftest -g -O2    -L/usr/lib32 conftest.o -lboost_program_options-d-1_46_1  >&5
/usr/bin/ld: cannot find -lboost_program_options-d-1_46_1
collect2: ld returned 1 exit status
configure:16537: $? = 1
configure:16522: re-using the existing conftest.o
configure:16528: c++ -o conftest -g -O2    -L/lib conftest.o -lboost_program_options-d-1_46_1  >&5
/usr/bin/ld: cannot find -lboost_program_options-d-1_46_1
collect2: ld returned 1 exit status
configure:16537: $? = 1
configure:16522: re-using the existing conftest.o
configure:16528: c++ -o conftest -g -O2    -L/lib32 conftest.o -lboost_program_options-d-1_46_1  >&5
/usr/bin/ld: cannot find -lboost_program_options-d-1_46_1
collect2: ld returned 1 exit status
configure:16537: $? = 1
configure:16522: re-using the existing conftest.o
configure:16528: c++ -o conftest -g -O2    -L/lib64 conftest.o -lboost_program_options-d-1_46_1  >&5
/usr/bin/ld: cannot find -lboost_program_options-d-1_46_1
collect2: ld returned 1 exit status
configure:16537: $? = 1
configure:16522: re-using the existing conftest.o
configure:16528: c++ -o conftest -g -O2    -L/usr/local/lib conftest.o -lboost_program_options-mt  >&5
configure:16537: $? = 0
configure:16577: result: yes
configure:16674: checking for ANSI C header files
configure:16778: result: yes
configure:16789: checking malloc.h usability
configure:16789: gcc -std=gnu99 -c -g -O2  conftest.c >&5
configure:16789: $? = 0
configure:16789: result: yes
configure:16789: checking malloc.h presence
configure:16789: gcc -E  conftest.c
configure:16789: $? = 0
configure:16789: result: yes
configure:16789: checking for malloc.h
configure:16789: result: yes
configure:16789: checking for strings.h
configure:16789: result: yes
configure:16789: checking for unistd.h
configure:16789: result: yes
configure:16801: checking for an ANSI C-conforming const
configure:16866: gcc -std=gnu99 -c -g -O2  conftest.c >&5
configure:16866: $? = 0
configure:16873: result: yes
configure:16881: checking for size_t
configure:16881: gcc -std=gnu99 -c -g -O2  conftest.c >&5
configure:16881: $? = 0
configure:16881: gcc -std=gnu99 -c -g -O2  conftest.c >&5
conftest.c: In function 'main':
conftest.c:73:21: error: expected expression before ')' token
configure:16881: $? = 1
configure: failed program was:
| /* confdefs.h */
| #define PACKAGE_NAME "RNAalihishapes"
| #define PACKAGE_TARNAME "RNAalihishapes"
| #define PACKAGE_VERSION "1.0"
| #define PACKAGE_STRING "RNAalihishapes 1.0"
| #define PACKAGE_BUGREPORT "Jiabin Huang and Bjoern Voss <jiabin.huang, bjoern.voss@biologie.uni-freiburg.de>"
| #define PACKAGE_URL ""
| #define RELEASE_DATE "May 16, 2013"
| #define STDC_HEADERS 1
| #define HAVE_SYS_TYPES_H 1
| #define HAVE_SYS_STAT_H 1
| #define HAVE_STDLIB_H 1
| #define HAVE_STRING_H 1
| #define HAVE_MEMORY_H 1
| #define HAVE_STRINGS_H 1
| #define HAVE_INTTYPES_H 1
| #define HAVE_STDINT_H 1
| #define HAVE_UNISTD_H 1
| #define __EXTENSIONS__ 1
| #define _ALL_SOURCE 1
| #define _GNU_SOURCE 1
| #define _POSIX_PTHREAD_SEMANTICS 1
| #define _TANDEM_SOURCE 1
| #define UNUSED __attribute__ ((unused))
| #define HAVE_DLFCN_H 1
| #define LT_OBJDIR ".libs/"
| #define HAVE_STDCXX_0X /**/
| #define HAVE_BOOST 1
| #define HAVE_BOOST_FORMAT_HPP 1
| #define HAVE_BOOST_DATE_TIME_POSIX_TIME_POSIX_TIME_HPP 1
| #define HAVE_BOOST_PROGRAM_OPTIONS_HPP 1
| #define STDC_HEADERS 1
| #define HAVE_MALLOC_H 1
| #define HAVE_STRINGS_H 1
| #define HAVE_UNISTD_H 1
| /* end confdefs.h.  */
| #include <stdio.h>
| #ifdef HAVE_SYS_TYPES_H
| # include <sys/types.h>
| #endif
| #ifdef HAVE_SYS_STAT_H
| # include <sys/stat.h>
| #endif
| #ifdef STDC_HEADERS
| # include <stdlib.h>
| # include <stddef.h>
| #else
| # ifdef HAVE_STDLIB_H
| #  include <stdlib.h>
| # endif
| #endif
| #ifdef HAVE_STRING_H
| # if !defined STDC_HEADERS && defined HAVE_MEMORY_H
| #  include <memory.h>
| # endif
| # include <string.h>
| #endif
| #ifdef HAVE_STRINGS_H
| # include <strings.h>
| #endif
| #ifdef HAVE_INTTYPES_H
| # include <inttypes.h>
| #endif
| #ifdef HAVE_STDINT_H
| # include <stdint.h>
| #endif
| #ifdef HAVE_UNISTD_H
| # include <unistd.h>
| #endif
| int
| main ()
| {
| if (sizeof ((size_t)))
| 	    return 0;
|   ;
|   return 0;
| }
configure:16881: result: yes
configure:16892: checking for inline
configure:16908: gcc -std=gnu99 -c -g -O2  conftest.c >&5
configure:16908: $? = 0
configure:16916: result: inline
configure:16938: checking for setenv
configure:16938: gcc -std=gnu99 -o conftest -g -O2   conftest.c  >&5
configure:16938: $? = 0
configure:16938: result: yes
configure:16951: checking for strdup
configure:16951: gcc -std=gnu99 -o conftest -g -O2   conftest.c  >&5
conftest.c:61:6: warning: conflicting types for built-in function 'strdup' [enabled by default]
configure:16951: $? = 0
configure:16951: result: yes
configure:16951: checking for strstr
configure:16951: gcc -std=gnu99 -o conftest -g -O2   conftest.c  >&5
conftest.c:62:6: warning: conflicting types for built-in function 'strstr' [enabled by default]
configure:16951: $? = 0
configure:16951: result: yes
configure:16951: checking for strchr
configure:16951: gcc -std=gnu99 -o conftest -g -O2   conftest.c  >&5
conftest.c:63:6: warning: conflicting types for built-in function 'strchr' [enabled by default]
configure:16951: $? = 0
configure:16951: result: yes
configure:16951: checking for erand48
configure:16951: gcc -std=gnu99 -o conftest -g -O2   conftest.c  >&5
configure:16951: $? = 0
configure:16951: result: yes
configure:17099: creating ./config.status

## ---------------------- ##
## Running config.status. ##
## ---------------------- ##

This file was extended by RNAalihishapes config.status 1.0, which was
generated by GNU Autoconf 2.68.  Invocation command line was

  CONFIG_FILES    = 
  CONFIG_HEADERS  = 
  CONFIG_LINKS    = 
  CONFIG_COMMANDS = 
  $ ./config.status 

on swimming-pool

config.status:1192: creating Makefile
config.status:1192: creating src/libs/Makefile
config.status:1192: creating src/rtlib/Makefile
config.status:1192: creating src/Makefile
config.status:1192: creating examples/Makefile
config.status:1192: creating src/config.h
config.status:1421: executing depfiles commands
config.status:1421: executing libtool commands
configure:19616:
Configuration completed. Type "make" to compile and "make install" to install.


## ---------------- ##
## Cache variables. ##
## ---------------- ##

ac_cv_build=x86_64-unknown-linux-gnu
ac_cv_c_compiler_gnu=yes
ac_cv_c_const=yes
ac_cv_c_inline=inline
ac_cv_cxx_compiler_gnu=yes
ac_cv_env_BOOST_ROOT_set=
ac_cv_env_BOOST_ROOT_value=
ac_cv_env_CCC_set=
ac_cv_env_CCC_value=
ac_cv_env_CC_set=
ac_cv_env_CC_value=
ac_cv_env_CFLAGS_set=
ac_cv_env_CFLAGS_value=
ac_cv_env_CPPFLAGS_set=
ac_cv_env_CPPFLAGS_value=
ac_cv_env_CPP_set=
ac_cv_env_CPP_value=
ac_cv_env_CXXCPP_set=
ac_cv_env_CXXCPP_value=
ac_cv_env_CXXFLAGS_set=
ac_cv_env_CXXFLAGS_value=
ac_cv_env_CXX_set=
ac_cv_env_CXX_value=
ac_cv_env_FPIC_set=
ac_cv_env_FPIC_value=
ac_cv_env_LDFLAGS_set=
ac_cv_env_LDFLAGS_value=
ac_cv_env_LIBS_set=
ac_cv_env_LIBS_value=
ac_cv_env_build_alias_set=
ac_cv_env_build_alias_value=
ac_cv_env_host_alias_set=
ac_cv_env_host_alias_value=
ac_cv_env_target_alias_set=
ac_cv_env_target_alias_value=
ac_cv_func_erand48=yes
ac_cv_func_setenv=yes
ac_cv_func_strchr=yes
ac_cv_func_strdup=yes
ac_cv_func_strstr=yes
ac_cv_header_algo_h=no
ac_cv_header_algorithm=no
ac_cv_header_algorithm_h=no
ac_cv_header_boost_date_time_posix_time_posix_time_hpp=yes
ac_cv_header_boost_format_hpp=yes
ac_cv_header_boost_program_options_hpp=yes
ac_cv_header_dlfcn_h=yes
ac_cv_header_inttypes_h=yes
ac_cv_header_malloc_h=yes
ac_cv_header_memory_h=yes
ac_cv_header_minix_config_h=no
ac_cv_header_stdc=yes
ac_cv_header_stdint_h=yes
ac_cv_header_stdlib_h=yes
ac_cv_header_string_h=yes
ac_cv_header_strings_h=yes
ac_cv_header_sys_stat_h=yes
ac_cv_header_sys_types_h=yes
ac_cv_header_unistd_h=yes
ac_cv_header_vector=no
ac_cv_header_vector_h=no
ac_cv_host=x86_64-unknown-linux-gnu
ac_cv_objext=o
ac_cv_path_EGREP='/bin/grep -E'
ac_cv_path_FGREP='/bin/grep -F'
ac_cv_path_GREP=/bin/grep
ac_cv_path_SED=/bin/sed
ac_cv_path_install='/usr/bin/install -c'
ac_cv_path_mkdir=/bin/mkdir
ac_cv_prog_AWK=gawk
ac_cv_prog_CPP='gcc -E'
ac_cv_prog_CXXCPP='c++ -E'
ac_cv_prog_ac_ct_AR=ar
ac_cv_prog_ac_ct_CC=gcc
ac_cv_prog_ac_ct_CXX=c++
ac_cv_prog_ac_ct_MANIFEST_TOOL=mt
ac_cv_prog_ac_ct_OBJDUMP=objdump
ac_cv_prog_ac_ct_RANLIB=ranlib
ac_cv_prog_ac_ct_STRIP=strip
ac_cv_prog_cc_c89=
ac_cv_prog_cc_c99=-std=gnu99
ac_cv_prog_cc_g=yes
ac_cv_prog_cc_gcc_c_o=yes
ac_cv_prog_cxx_g=yes
ac_cv_prog_make_make_set=yes
ac_cv_safe_to_define___extensions__=yes
ac_cv_type_size_t=yes
am_cv_CC_dependencies_compiler_type=gcc3
am_cv_CXX_dependencies_compiler_type=gcc3
ax_cv_cxx_compile_cxx0x_cxx=yes
ax_cv_cxx_compile_cxx0x_gxx=yes
ax_cv_cxx_compile_cxx0x_native=no
boost_cv_inc_path=yes
boost_cv_lib_date_time=yes
boost_cv_lib_date_time_LDFLAGS='-L/usr/local/lib -Wl,-R/usr/local/lib'
boost_cv_lib_date_time_LDPATH=/usr/local/lib
boost_cv_lib_date_time_LIBS=-lboost_date_time-mt
boost_cv_lib_program_options=yes
boost_cv_lib_program_options_LDFLAGS='-L/usr/local/lib -Wl,-R/usr/local/lib'
boost_cv_lib_program_options_LDPATH=/usr/local/lib
boost_cv_lib_program_options_LIBS=-lboost_program_options-mt
boost_cv_lib_tag='gcc46 -gcc'
boost_cv_lib_version=1_46_1
lt_cv_ar_at_file=@
lt_cv_archive_cmds_need_lc=no
lt_cv_deplibs_check_method=pass_all
lt_cv_file_magic_cmd='$MAGIC_CMD'
lt_cv_file_magic_test_file=
lt_cv_ld_reload_flag=-r
lt_cv_nm_interface='BSD nm'
lt_cv_objdir=.libs
lt_cv_path_LD=/usr/bin/ld
lt_cv_path_LDCXX='/usr/bin/ld -m elf_x86_64'
lt_cv_path_NM='/usr/bin/nm -B'
lt_cv_path_mainfest_tool=no
lt_cv_prog_compiler_c_o=yes
lt_cv_prog_compiler_c_o_CXX=yes
lt_cv_prog_compiler_pic='-fPIC -DPIC'
lt_cv_prog_compiler_pic_CXX='-fPIC -DPIC'
lt_cv_prog_compiler_pic_works=yes
lt_cv_prog_compiler_pic_works_CXX=yes
lt_cv_prog_compiler_rtti_exceptions=no
lt_cv_prog_compiler_static_works=yes
lt_cv_prog_compiler_static_works_CXX=yes
lt_cv_prog_gnu_ld=yes
lt_cv_prog_gnu_ldcxx=yes
lt_cv_sharedlib_from_linklib_cmd='printf %s\n'
lt_cv_shlibpath_overrides_runpath=no
lt_cv_sys_global_symbol_pipe='sed -n -e '\''s/^.*[	 ]\([ABCDGIRSTW][ABCDGIRSTW]*\)[	 ][	 ]*\([_A-Za-z][_A-Za-z0-9]*\)$/\1 \2 \2/p'\'' | sed '\''/ __gnu_lto/d'\'''
lt_cv_sys_global_symbol_to_c_name_address='sed -n -e '\''s/^: \([^ ]*\)[ ]*$/  {\"\1\", (void *) 0},/p'\'' -e '\''s/^[ABCDGIRSTW]* \([^ ]*\) \([^ ]*\)$/  {"\2", (void *) \&\2},/p'\'''
lt_cv_sys_global_symbol_to_c_name_address_lib_prefix='sed -n -e '\''s/^: \([^ ]*\)[ ]*$/  {\"\1\", (void *) 0},/p'\'' -e '\''s/^[ABCDGIRSTW]* \([^ ]*\) \(lib[^ ]*\)$/  {"\2", (void *) \&\2},/p'\'' -e '\''s/^[ABCDGIRSTW]* \([^ ]*\) \([^ ]*\)$/  {"lib\2", (void *) \&\2},/p'\'''
lt_cv_sys_global_symbol_to_cdecl='sed -n -e '\''s/^T .* \(.*\)$/extern int \1();/p'\'' -e '\''s/^[ABCDGIRSTW]* .* \(.*\)$/extern char \1;/p'\'''
lt_cv_sys_max_cmd_len=1572864
lt_cv_to_host_file_cmd=func_convert_file_noop
lt_cv_to_tool_file_cmd=func_convert_file_noop

## ----------------- ##
## Output variables. ##
## ----------------- ##

ACLOCAL='${SHELL} /home/jhuang/hg.cebitec.uni-bielefeld.de/rnaalishapes_2.3.0/rnaalihishapes/Misc/Applications/RNAalihishapes/RNAalihishapes-1.0/RNAalihishapes-1.0/config/missing --run aclocal-1.11'
AMDEPBACKSLASH='\'
AMDEP_FALSE='#'
AMDEP_TRUE=''
AMTAR='${SHELL} /home/jhuang/hg.cebitec.uni-bielefeld.de/rnaalishapes_2.3.0/rnaalihishapes/Misc/Applications/RNAalihishapes/RNAalihishapes-1.0/RNAalihishapes-1.0/config/missing --run tar'
AR='ar'
AUTOCONF='${SHELL} /home/jhuang/hg.cebitec.uni-bielefeld.de/rnaalishapes_2.3.0/rnaalihishapes/Misc/Applications/RNAalihishapes/RNAalihishapes-1.0/RNAalihishapes-1.0/config/missing --run autoconf'
AUTOHEADER='${SHELL} /home/jhuang/hg.cebitec.uni-bielefeld.de/rnaalishapes_2.3.0/rnaalihishapes/Misc/Applications/RNAalihishapes/RNAalihishapes-1.0/RNAalihishapes-1.0/config/missing --run autoheader'
AUTOMAKE='${SHELL} /home/jhuang/hg.cebitec.uni-bielefeld.de/rnaalishapes_2.3.0/rnaalihishapes/Misc/Applications/RNAalihishapes/RNAalihishapes-1.0/RNAalihishapes-1.0/config/missing --run automake-1.11'
AWK='gawk'
BOOST_CPPFLAGS=''
BOOST_DATE_TIME_LDFLAGS='-L/usr/local/lib -Wl,-R/usr/local/lib'
BOOST_DATE_TIME_LDPATH='/usr/local/lib'
BOOST_DATE_TIME_LIBS='-lboost_date_time-mt'
BOOST_LDPATH='/usr/local/lib'
BOOST_PROGRAM_OPTIONS_LDFLAGS='-L/usr/local/lib -Wl,-R/usr/local/lib'
BOOST_PROGRAM_OPTIONS_LDPATH='/usr/local/lib'
BOOST_PROGRAM_OPTIONS_LIBS='-lboost_program_options-mt'
BOOST_ROOT=''
CC='gcc -std=gnu99'
CCDEPMODE='depmode=gcc3'
CFLAGS='-g -O2'
CPP='gcc -E'
CPPFLAGS=''
CXX='c++'
CXXCPP='c++ -E'
CXXDEPMODE='depmode=gcc3'
CXXFLAGS='-g -O2'
CYGPATH_W='echo'
DEFS='-DHAVE_CONFIG_H'
DEPDIR='.deps'
DISTCHECK_CONFIGURE_FLAGS=' '\''--with-boost='\'''
DLLTOOL='false'
DSYMUTIL=''
DUMPBIN=''
ECHO_C=''
ECHO_N='-n'
ECHO_T=''
EGREP='/bin/grep -E'
EXEEXT=''
FGREP='/bin/grep -F'
FPIC=''
GREP='/bin/grep'
INSTALL_DATA='${INSTALL} -m 644'
INSTALL_PROGRAM='${INSTALL}'
INSTALL_SCRIPT='${INSTALL}'
INSTALL_STRIP_PROGRAM='$(install_sh) -c -s'
LD='/usr/bin/ld -m elf_x86_64'
LDFLAGS=''
LIBOBJS=''
LIBS=''
LIBTOOL='$(SHELL) $(top_builddir)/libtool'
LIPO=''
LN_S='ln -s'
LTLIBOBJS=''
MAKEINFO='${SHELL} /home/jhuang/hg.cebitec.uni-bielefeld.de/rnaalishapes_2.3.0/rnaalihishapes/Misc/Applications/RNAalihishapes/RNAalihishapes-1.0/RNAalihishapes-1.0/config/missing --run makeinfo'
MANIFEST_TOOL=':'
MKDIR_P='/bin/mkdir -p'
NM='/usr/bin/nm -B'
NMEDIT=''
OBJDUMP='objdump'
OBJEXT='o'
OTOOL64=''
OTOOL=''
PACKAGE='RNAalihishapes'
PACKAGE_BUGREPORT='Jiabin Huang and Bjoern Voss <jiabin.huang, bjoern.voss@biologie.uni-freiburg.de>'
PACKAGE_NAME='RNAalihishapes'
PACKAGE_STRING='RNAalihishapes 1.0'
PACKAGE_TARNAME='RNAalihishapes'
PACKAGE_URL=''
PACKAGE_VERSION='1.0'
PATH_SEPARATOR=':'
RANLIB='ranlib'
SED='/bin/sed'
SET_MAKE=''
SHELL='/bin/bash'
STRIP='strip'
VERSION='1.0'
ac_ct_AR='ar'
ac_ct_CC='gcc'
ac_ct_CXX='c++'
ac_ct_DUMPBIN=''
am__EXEEXT_FALSE=''
am__EXEEXT_TRUE='#'
am__fastdepCC_FALSE='#'
am__fastdepCC_TRUE=''
am__fastdepCXX_FALSE='#'
am__fastdepCXX_TRUE=''
am__include='include'
am__isrc=''
am__leading_dot='.'
am__quote=''
am__tar='${AMTAR} chof - "$$tardir"'
am__untar='${AMTAR} xf -'
bindir='${exec_prefix}/bin'
build='x86_64-unknown-linux-gnu'
build_alias=''
build_cpu='x86_64'
build_os='linux-gnu'
build_vendor='unknown'
datadir='${datarootdir}'
datarootdir='${prefix}/share'
docdir='${datarootdir}/doc/${PACKAGE_TARNAME}'
dvidir='${docdir}'
exec_prefix='${prefix}'
host='x86_64-unknown-linux-gnu'
host_alias=''
host_cpu='x86_64'
host_os='linux-gnu'
host_vendor='unknown'
htmldir='${docdir}'
includedir='${prefix}/include'
infodir='${datarootdir}/info'
install_sh='${SHELL} /home/jhuang/hg.cebitec.uni-bielefeld.de/rnaalishapes_2.3.0/rnaalihishapes/Misc/Applications/RNAalihishapes/RNAalihishapes-1.0/RNAalihishapes-1.0/config/install-sh'
libdir='${exec_prefix}/lib'
libexecdir='${exec_prefix}/libexec'
localedir='${datarootdir}/locale'
localstatedir='${prefix}/var'
mandir='${datarootdir}/man'
mkdir_p='/bin/mkdir -p'
oldincludedir='/usr/include'
pdfdir='${docdir}'
prefix='/usr/local'
program_transform_name='s,x,x,'
psdir='${docdir}'
sbindir='${exec_prefix}/sbin'
sharedstatedir='${prefix}/com'
sysconfdir='${prefix}/etc'
target_alias=''

## ----------- ##
## confdefs.h. ##
## ----------- ##

/* confdefs.h */
#define PACKAGE_NAME "RNAalihishapes"
#define PACKAGE_TARNAME "RNAalihishapes"
#define PACKAGE_VERSION "1.0"
#define PACKAGE_STRING "RNAalihishapes 1.0"
#define PACKAGE_BUGREPORT "Jiabin Huang and Bjoern Voss <jiabin.huang, bjoern.voss@biologie.uni-freiburg.de>"
#define PACKAGE_URL ""
#define RELEASE_DATE "May 16, 2013"
#define STDC_HEADERS 1
#define HAVE_SYS_TYPES_H 1
#define HAVE_SYS_STAT_H 1
#define HAVE_STDLIB_H 1
#define HAVE_STRING_H 1
#define HAVE_MEMORY_H 1
#define HAVE_STRINGS_H 1
#define HAVE_INTTYPES_H 1
#define HAVE_STDINT_H 1
#define HAVE_UNISTD_H 1
#define __EXTENSIONS__ 1
#define _ALL_SOURCE 1
#define _GNU_SOURCE 1
#define _POSIX_PTHREAD_SEMANTICS 1
#define _TANDEM_SOURCE 1
#define UNUSED __attribute__ ((unused))
#define HAVE_DLFCN_H 1
#define LT_OBJDIR ".libs/"
#define HAVE_STDCXX_0X /**/
#define HAVE_BOOST 1
#define HAVE_BOOST_FORMAT_HPP 1
#define HAVE_BOOST_DATE_TIME_POSIX_TIME_POSIX_TIME_HPP 1
#define HAVE_BOOST_PROGRAM_OPTIONS_HPP 1
#define STDC_HEADERS 1
#define HAVE_MALLOC_H 1
#define HAVE_STRINGS_H 1
#define HAVE_UNISTD_H 1
#define HAVE_SETENV 1
#define HAVE_STRDUP 1
#define HAVE_STRSTR 1
#define HAVE_STRCHR 1
#define HAVE_ERAND48 1

configure: exit 0

## ---------------------- ##
## Running config.status. ##
## ---------------------- ##

This file was extended by RNAalihishapes config.status 1.0, which was
generated by GNU Autoconf 2.68.  Invocation command line was

  CONFIG_FILES    = 
  CONFIG_HEADERS  = 
  CONFIG_LINKS    = 
  CONFIG_COMMANDS = 
  $ ./config.status src/rtlib/Makefile depfiles

on swimming-pool

config.status:1192: creating src/rtlib/Makefile
config.status:1421: executing depfiles commands
